This is pdfTeX, Version 3.141592653-2.6-1.40.22 (TeX Live 2022/dev/Debian) (preloaded format=pdflatex 2023.5.31)  1 AUG 2023 10:10
entering extended mode
 \write18 enabled.
 %&-line parsing enabled.
**\def\tikzexternalrealjob{main}\input{main}
(./main.tex (/usr/share/texlive/texmf-dist/tex/latex/base/article.cls
Document Class: article 2021/10/04 v1.4n Standard LaTeX document class
(/usr/share/texlive/texmf-dist/tex/latex/base/size11.clo
File: size11.clo 2021/10/04 v1.4n Standard LaTeX file (size option)
)
\c@part=\count185
\c@section=\count186
\c@subsection=\count187
\c@subsubsection=\count188
\c@paragraph=\count189
\c@subparagraph=\count190
\c@figure=\count191
\c@table=\count192
\abovecaptionskip=\skip47
\belowcaptionskip=\skip48
\bibindent=\dimen138
) (/usr/share/texlive/texmf-dist/tex/latex/geometry/geometry.sty
Package: geometry 2020/01/02 v5.9 Page Geometry
(/usr/share/texlive/texmf-dist/tex/latex/graphics/keyval.sty
Package: keyval 2014/10/28 v1.15 key=value parser (DPC)
\KV@toks@=\toks16
) (/usr/share/texlive/texmf-dist/tex/generic/iftex/ifvtex.sty
Package: ifvtex 2019/10/25 v1.7 ifvtex legacy package. Use iftex instead.
(/usr/share/texlive/texmf-dist/tex/generic/iftex/iftex.sty
Package: iftex 2020/03/06 v1.0d TeX engine tests
))
\Gm@cnth=\count193
\Gm@cntv=\count194
\c@Gm@tempcnt=\count195
\Gm@bindingoffset=\dimen139
\Gm@wd@mp=\dimen140
\Gm@odd@mp=\dimen141
\Gm@even@mp=\dimen142
\Gm@layoutwidth=\dimen143
\Gm@layoutheight=\dimen144
\Gm@layouthoffset=\dimen145
\Gm@layoutvoffset=\dimen146
\Gm@dimlist=\toks17
) (./add_packages.tex (/usr/share/texlive/texmf-dist/tex/latex/lineno/lineno.st
y
Package: lineno 2005/11/02 line numbers on paragraphs v4.41
\linenopenalty=\count196
\output=\toks18
\linenoprevgraf=\count197
\linenumbersep=\dimen147
\linenumberwidth=\dimen148
\c@linenumber=\count198
\c@pagewiselinenumber=\count199
\c@LN@truepage=\count266
\c@internallinenumber=\count267
\c@internallinenumbers=\count268
\quotelinenumbersep=\dimen149
\bframerule=\dimen150
\bframesep=\dimen151
\bframebox=\box50
LaTeX Info: Redefining \\ on input line 3056.
) (/usr/share/texlive/texmf-dist/tex/latex/amsfonts/amssymb.sty
Package: amssymb 2013/01/14 v3.01 AMS font symbols
(/usr/share/texlive/texmf-dist/tex/latex/amsfonts/amsfonts.sty
Package: amsfonts 2013/01/14 v3.01 Basic AMSFonts support
\@emptytoks=\toks19
\symAMSa=\mathgroup4
\symAMSb=\mathgroup5
LaTeX Font Info:    Redeclaring math symbol \hbar on input line 98.
LaTeX Font Info:    Overwriting math alphabet `\mathfrak' in version `bold'
(Font)                  U/euf/m/n --> U/euf/b/n on input line 106.
)) (/usr/share/texlive/texmf-dist/tex/latex/amsmath/amsmath.sty
Package: amsmath 2021/10/15 v2.17l AMS math features
\@mathmargin=\skip49
For additional information on amsmath, use the `?' option.
(/usr/share/texlive/texmf-dist/tex/latex/amsmath/amstext.sty
Package: amstext 2021/08/26 v2.01 AMS text
(/usr/share/texlive/texmf-dist/tex/latex/amsmath/amsgen.sty
File: amsgen.sty 1999/11/30 v2.0 generic functions
\@emptytoks=\toks20
\ex@=\dimen152
)) (/usr/share/texlive/texmf-dist/tex/latex/amsmath/amsbsy.sty
Package: amsbsy 1999/11/29 v1.2d Bold Symbols
\pmbraise@=\dimen153
) (/usr/share/texlive/texmf-dist/tex/latex/amsmath/amsopn.sty
Package: amsopn 2021/08/26 v2.02 operator names
)
\inf@bad=\count269
LaTeX Info: Redefining \frac on input line 234.
\uproot@=\count270
\leftroot@=\count271
LaTeX Info: Redefining \overline on input line 399.
\classnum@=\count272
\DOTSCASE@=\count273
LaTeX Info: Redefining \ldots on input line 496.
LaTeX Info: Redefining \dots on input line 499.
LaTeX Info: Redefining \cdots on input line 620.
\Mathstrutbox@=\box51
\strutbox@=\box52
\big@size=\dimen154
LaTeX Font Info:    Redeclaring font encoding OML on input line 743.
LaTeX Font Info:    Redeclaring font encoding OMS on input line 744.
\macc@depth=\count274
\c@MaxMatrixCols=\count275
\dotsspace@=\muskip16
\c@parentequation=\count276
\dspbrk@lvl=\count277
\tag@help=\toks21
\row@=\count278
\column@=\count279
\maxfields@=\count280
\andhelp@=\toks22
\eqnshift@=\dimen155
\alignsep@=\dimen156
\tagshift@=\dimen157
\tagwidth@=\dimen158
\totwidth@=\dimen159
\lineht@=\dimen160
\@envbody=\toks23
\multlinegap=\skip50
\multlinetaggap=\skip51
\mathdisplay@stack=\toks24
LaTeX Info: Redefining \[ on input line 2938.
LaTeX Info: Redefining \] on input line 2939.
) (/usr/share/texlive/texmf-dist/tex/latex/amscls/amsthm.sty
Package: amsthm 2020/05/29 v2.20.6
\thm@style=\toks25
\thm@bodyfont=\toks26
\thm@headfont=\toks27
\thm@notefont=\toks28
\thm@headpunct=\toks29
\thm@preskip=\skip52
\thm@postskip=\skip53
\thm@headsep=\skip54
\dth@everypar=\toks30
) (/usr/share/texlive/texmf-dist/tex/latex/jknapltx/mathrsfs.sty
Package: mathrsfs 1996/01/01 Math RSFS package v1.0 (jk)
\symrsfs=\mathgroup6
) (/usr/share/texlive/texmf-dist/tex/latex/graphics/epsfig.sty
Package: epsfig 2017/06/25 v1.7b (e)psfig emulation (SPQR)
(/usr/share/texlive/texmf-dist/tex/latex/graphics/graphicx.sty
Package: graphicx 2021/09/16 v1.2d Enhanced LaTeX Graphics (DPC,SPQR)
(/usr/share/texlive/texmf-dist/tex/latex/graphics/graphics.sty
Package: graphics 2021/03/04 v1.4d Standard LaTeX Graphics (DPC,SPQR)
(/usr/share/texlive/texmf-dist/tex/latex/graphics/trig.sty
Package: trig 2021/08/11 v1.11 sin cos tan (DPC)
) (/usr/share/texlive/texmf-dist/tex/latex/graphics-cfg/graphics.cfg
File: graphics.cfg 2016/06/04 v1.11 sample graphics configuration
)
Package graphics Info: Driver file: pdftex.def on input line 107.
(/usr/share/texlive/texmf-dist/tex/latex/graphics-def/pdftex.def
File: pdftex.def 2020/10/05 v1.2a Graphics/color driver for pdftex
))
\Gin@req@height=\dimen161
\Gin@req@width=\dimen162
)
\epsfxsize=\dimen163
\epsfysize=\dimen164
) (/usr/share/texlive/texmf-dist/tex/latex/float/float.sty
Package: float 2001/11/08 v1.3d Float enhancements (AL)
\c@float@type=\count281
\float@exts=\toks31
\float@box=\box53
\@float@everytoks=\toks32
\@floatcapt=\box54
) (/usr/share/texlive/texmf-dist/tex/latex/multirow/multirow.sty
Package: multirow 2021/03/15 v2.8 Span multiple rows of a table
\multirow@colwidth=\skip55
\multirow@cntb=\count282
\multirow@dima=\skip56
\bigstrutjot=\dimen165
) (/usr/share/texlive/texmf-dist/tex/latex/graphics/color.sty
Package: color 2021/12/07 v1.3c Standard LaTeX Color (DPC)
(/usr/share/texlive/texmf-dist/tex/latex/graphics-cfg/color.cfg
File: color.cfg 2016/01/02 v1.6 sample color configuration
)
Package color Info: Driver file: pdftex.def on input line 149.
) (/usr/share/texlive/texmf-dist/tex/latex/preprint/fullpage.sty
Package: fullpage 1999/02/23 1.1 (PWD)
\FP@margin=\skip57
) (/usr/share/texlive/texmf-dist/tex/generic/ulem/ulem.sty
\UL@box=\box55
\UL@hyphenbox=\box56
\UL@skip=\skip58
\UL@hook=\toks33
\UL@height=\dimen166
\UL@pe=\count283
\UL@pixel=\dimen167
\ULC@box=\box57
Package: ulem 2019/11/18
\ULdepth=\dimen168
) (/usr/share/texlive/texmf-dist/tex/latex/base/makeidx.sty
Package: makeidx 2021/10/04 v1.0m Standard LaTeX package
) (/usr/share/texlive/texmf-dist/tex/latex/tools/xspace.sty
Package: xspace 2014/10/28 v1.13 Space after command names (DPC,MH)
) (/usr/share/texlive/texmf-dist/tex/latex/wrapfig/wrapfig.sty
\wrapoverhang=\dimen169
\WF@size=\dimen170
\c@WF@wrappedlines=\count284
\WF@box=\box58
\WF@everypar=\toks34
Package: wrapfig 2003/01/31  v 3.6
) (/usr/share/texlive/texmf-dist/tex/latex/url/url.sty
\Urlmuskip=\muskip17
Package: url 2013/09/16  ver 3.4  Verb mode for urls, etc.
) (/usr/share/texlive/texmf-dist/tex/latex/booktabs/booktabs.sty
Package: booktabs 2020/01/12 v1.61803398 Publication quality tables
\heavyrulewidth=\dimen171
\lightrulewidth=\dimen172
\cmidrulewidth=\dimen173
\belowrulesep=\dimen174
\belowbottomsep=\dimen175
\aboverulesep=\dimen176
\abovetopsep=\dimen177
\cmidrulesep=\dimen178
\cmidrulekern=\dimen179
\defaultaddspace=\dimen180
\@cmidla=\count285
\@cmidlb=\count286
\@aboverulesep=\dimen181
\@belowrulesep=\dimen182
\@thisruleclass=\count287
\@lastruleclass=\count288
\@thisrulewidth=\dimen183
) (/usr/share/texlive/texmf-dist/tex/latex/units/nicefrac.sty
Package: nicefrac 1998/08/04 v0.9b Nice fractions
\L@UnitsRaiseDisplaystyle=\skip59
\L@UnitsRaiseTextstyle=\skip60
\L@UnitsRaiseScriptstyle=\skip61
(/usr/share/texlive/texmf-dist/tex/latex/base/ifthen.sty
Package: ifthen 2020/11/24 v1.1c Standard LaTeX ifthen package (DPC)
)) (/usr/share/texlive/texmf-dist/tex/latex/microtype/microtype.sty
Package: microtype 2021/12/10 v3.0b Micro-typographical refinements (RS)
(/usr/share/texlive/texmf-dist/tex/latex/etoolbox/etoolbox.sty
Package: etoolbox 2020/10/05 v2.5k e-TeX tools for LaTeX (JAW)
\etb@tempcnta=\count289
)
\MT@toks=\toks35
\MT@count=\count290
\MT@tempbox=\box59
LaTeX Info: Redefining \leftprotrusion on input line 1010.
LaTeX Info: Redefining \rightprotrusion on input line 1018.
LaTeX Info: Redefining \textls on input line 1173.
\MT@outer@kern=\dimen184
LaTeX Info: Redefining \textmicrotypecontext on input line 1759.
\MT@listname@count=\count291
(/usr/share/texlive/texmf-dist/tex/latex/microtype/microtype-pdftex.def
File: microtype-pdftex.def 2021/12/10 v3.0b Definitions specific to pdftex (RS)

LaTeX Info: Redefining \lsstyle on input line 897.
LaTeX Info: Redefining \lslig on input line 897.
\MT@outer@space=\skip62
)
Package microtype Info: Loading configuration file microtype.cfg.
(/usr/share/texlive/texmf-dist/tex/latex/microtype/microtype.cfg
File: microtype.cfg 2021/12/10 v3.0b microtype main configuration file (RS)
)) (/usr/share/texlive/texmf-dist/tex/latex/caption/caption.sty
Package: caption 2020/10/26 v3.5g Customizing captions (AR)
(/usr/share/texlive/texmf-dist/tex/latex/caption/caption3.sty
Package: caption3 2020/10/21 v2.2e caption3 kernel (AR)
\captionmargin=\dimen185
\captionmargin@=\dimen186
\captionwidth=\dimen187
\caption@tempdima=\dimen188
\caption@indent=\dimen189
\caption@parindent=\dimen190
\caption@hangindent=\dimen191
Package caption Info: Standard document class detected.
)
\c@caption@flags=\count292
\c@continuedfloat=\count293
Package caption Info: float package is loaded.
Package caption Info: wrapfig package is loaded.
) (/usr/share/texlive/texmf-dist/tex/latex/enumitem/enumitem.sty
Package: enumitem 2019/06/20 v3.9 Customized lists
\labelindent=\skip63
\enit@outerparindent=\dimen192
\enit@toks=\toks36
\enit@inbox=\box60
\enit@count@id=\count294
\enitdp@description=\count295
) (/usr/share/texlive/texmf-dist/tex/latex/adjustbox/adjustbox.sty
Package: adjustbox 2020/08/19 v1.3 Adjusting TeX boxes (trim, clip, ...)
(/usr/share/texlive/texmf-dist/tex/latex/xkeyval/xkeyval.sty
Package: xkeyval 2020/11/20 v2.8 package option processing (HA)
(/usr/share/texlive/texmf-dist/tex/generic/xkeyval/xkeyval.tex (/usr/share/texl
ive/texmf-dist/tex/generic/xkeyval/xkvutils.tex
\XKV@toks=\toks37
\XKV@tempa@toks=\toks38
)
\XKV@depth=\count296
File: xkeyval.tex 2014/12/03 v2.7a key=value parser (HA)
)) (/usr/share/texlive/texmf-dist/tex/latex/adjustbox/adjcalc.sty
Package: adjcalc 2012/05/16 v1.1 Provides advanced setlength with multiple back
-ends (calc, etex, pgfmath)
) (/usr/share/texlive/texmf-dist/tex/latex/adjustbox/trimclip.sty
Package: trimclip 2020/08/19 v1.2 Trim and clip general TeX material
(/usr/share/texlive/texmf-dist/tex/latex/collectbox/collectbox.sty
Package: collectbox 2012/05/17 v0.4b Collect macro arguments as boxes
\collectedbox=\box61
)
\tc@llx=\dimen193
\tc@lly=\dimen194
\tc@urx=\dimen195
\tc@ury=\dimen196
Package trimclip Info: Using driver 'tc-pdftex.def'.
(/usr/share/texlive/texmf-dist/tex/latex/adjustbox/tc-pdftex.def
File: tc-pdftex.def 2019/01/04 v2.2 Clipping driver for pdftex
))
\adjbox@Width=\dimen197
\adjbox@Height=\dimen198
\adjbox@Depth=\dimen199
\adjbox@Totalheight=\dimen256
\adjbox@pwidth=\dimen257
\adjbox@pheight=\dimen258
\adjbox@pdepth=\dimen259
\adjbox@ptotalheight=\dimen260
(/usr/share/texlive/texmf-dist/tex/latex/ifoddpage/ifoddpage.sty
Package: ifoddpage 2016/04/23 v1.1 Conditionals for odd/even page detection
\c@checkoddpage=\count297
) (/usr/share/texlive/texmf-dist/tex/latex/varwidth/varwidth.sty
Package: varwidth 2009/03/30 ver 0.92;  Variable-width minipages
\@vwid@box=\box62
\sift@deathcycles=\count298
\@vwid@loff=\dimen261
\@vwid@roff=\dimen262
)) (/usr/share/texlive/texmf-dist/tex/latex/comment/comment.sty
\CommentStream=\write3
Excluding comment 'comment') (/usr/share/texlive/texmf-dist/tex/generic/xstring
/xstring.sty (/usr/share/texlive/texmf-dist/tex/generic/xstring/xstring.tex
\integerpart=\count299
\decimalpart=\count300
)
Package: xstring 2021/07/21 v1.84 String manipulations (CT)
) (/usr/share/texlive/texmf-dist/tex/latex/caption/subcaption.sty
Package: subcaption 2020/10/07 v1.3j Sub-captions (AR)
\c@subfigure=\count301
\c@subtable=\count302
) (/usr/share/texlive/texmf-dist/tex/latex/pgf/frontendlayer/tikz.sty (/usr/sha
re/texlive/texmf-dist/tex/latex/pgf/basiclayer/pgf.sty (/usr/share/texlive/texm
f-dist/tex/latex/pgf/utilities/pgfrcs.sty (/usr/share/texlive/texmf-dist/tex/ge
neric/pgf/utilities/pgfutil-common.tex
\pgfutil@everybye=\toks39
\pgfutil@tempdima=\dimen263
\pgfutil@tempdimb=\dimen264

(/usr/share/texlive/texmf-dist/tex/generic/pgf/utilities/pgfutil-common-lists.t
ex)) (/usr/share/texlive/texmf-dist/tex/generic/pgf/utilities/pgfutil-latex.def
\pgfutil@abb=\box63
) (/usr/share/texlive/texmf-dist/tex/generic/pgf/utilities/pgfrcs.code.tex (/us
r/share/texlive/texmf-dist/tex/generic/pgf/pgf.revision.tex)
Package: pgfrcs 2021/05/15 v3.1.9a (3.1.9a)
))
Package: pgf 2021/05/15 v3.1.9a (3.1.9a)
(/usr/share/texlive/texmf-dist/tex/latex/pgf/basiclayer/pgfcore.sty (/usr/share
/texlive/texmf-dist/tex/latex/pgf/systemlayer/pgfsys.sty (/usr/share/texlive/te
xmf-dist/tex/generic/pgf/systemlayer/pgfsys.code.tex
Package: pgfsys 2021/05/15 v3.1.9a (3.1.9a)
(/usr/share/texlive/texmf-dist/tex/generic/pgf/utilities/pgfkeys.code.tex
\pgfkeys@pathtoks=\toks40
\pgfkeys@temptoks=\toks41

(/usr/share/texlive/texmf-dist/tex/generic/pgf/utilities/pgfkeysfiltered.code.t
ex
\pgfkeys@tmptoks=\toks42
))
\pgf@x=\dimen265
\pgf@y=\dimen266
\pgf@xa=\dimen267
\pgf@ya=\dimen268
\pgf@xb=\dimen269
\pgf@yb=\dimen270
\pgf@xc=\dimen271
\pgf@yc=\dimen272
\pgf@xd=\dimen273
\pgf@yd=\dimen274
\w@pgf@writea=\write4
\r@pgf@reada=\read2
\c@pgf@counta=\count303
\c@pgf@countb=\count304
\c@pgf@countc=\count305
\c@pgf@countd=\count306
\t@pgf@toka=\toks43
\t@pgf@tokb=\toks44
\t@pgf@tokc=\toks45
\pgf@sys@id@count=\count307
(/usr/share/texlive/texmf-dist/tex/generic/pgf/systemlayer/pgf.cfg
File: pgf.cfg 2021/05/15 v3.1.9a (3.1.9a)
)
Driver file for pgf: pgfsys-pdftex.def
(/usr/share/texlive/texmf-dist/tex/generic/pgf/systemlayer/pgfsys-pdftex.def
File: pgfsys-pdftex.def 2021/05/15 v3.1.9a (3.1.9a)

(/usr/share/texlive/texmf-dist/tex/generic/pgf/systemlayer/pgfsys-common-pdf.de
f
File: pgfsys-common-pdf.def 2021/05/15 v3.1.9a (3.1.9a)
)))
(/usr/share/texlive/texmf-dist/tex/generic/pgf/systemlayer/pgfsyssoftpath.code.
tex
File: pgfsyssoftpath.code.tex 2021/05/15 v3.1.9a (3.1.9a)
\pgfsyssoftpath@smallbuffer@items=\count308
\pgfsyssoftpath@bigbuffer@items=\count309
)
(/usr/share/texlive/texmf-dist/tex/generic/pgf/systemlayer/pgfsysprotocol.code.
tex
File: pgfsysprotocol.code.tex 2021/05/15 v3.1.9a (3.1.9a)
)) (/usr/share/texlive/texmf-dist/tex/latex/xcolor/xcolor.sty
Package: xcolor 2021/10/31 v2.13 LaTeX color extensions (UK)
(/usr/share/texlive/texmf-dist/tex/latex/graphics-cfg/color.cfg
File: color.cfg 2016/01/02 v1.6 sample color configuration
)
Package xcolor Info: Driver file: pdftex.def on input line 227.
LaTeX Info: Redefining \color on input line 711.
Package xcolor Info: Model `cmy' substituted by `cmy0' on input line 1352.
Package xcolor Info: Model `hsb' substituted by `rgb' on input line 1356.
Package xcolor Info: Model `RGB' extended on input line 1368.
Package xcolor Info: Model `HTML' substituted by `rgb' on input line 1370.
Package xcolor Info: Model `Hsb' substituted by `hsb' on input line 1371.
Package xcolor Info: Model `tHsb' substituted by `hsb' on input line 1372.
Package xcolor Info: Model `HSB' substituted by `hsb' on input line 1373.
Package xcolor Info: Model `Gray' substituted by `gray' on input line 1374.
Package xcolor Info: Model `wave' substituted by `hsb' on input line 1375.
) (/usr/share/texlive/texmf-dist/tex/generic/pgf/basiclayer/pgfcore.code.tex
Package: pgfcore 2021/05/15 v3.1.9a (3.1.9a)
(/usr/share/texlive/texmf-dist/tex/generic/pgf/math/pgfmath.code.tex (/usr/shar
e/texlive/texmf-dist/tex/generic/pgf/math/pgfmathcalc.code.tex (/usr/share/texl
ive/texmf-dist/tex/generic/pgf/math/pgfmathutil.code.tex) (/usr/share/texlive/t
exmf-dist/tex/generic/pgf/math/pgfmathparser.code.tex
\pgfmath@dimen=\dimen275
\pgfmath@count=\count310
\pgfmath@box=\box64
\pgfmath@toks=\toks46
\pgfmath@stack@operand=\toks47
\pgfmath@stack@operation=\toks48
) (/usr/share/texlive/texmf-dist/tex/generic/pgf/math/pgfmathfunctions.code.tex

(/usr/share/texlive/texmf-dist/tex/generic/pgf/math/pgfmathfunctions.basic.code
.tex)
(/usr/share/texlive/texmf-dist/tex/generic/pgf/math/pgfmathfunctions.trigonomet
ric.code.tex)
(/usr/share/texlive/texmf-dist/tex/generic/pgf/math/pgfmathfunctions.random.cod
e.tex)
(/usr/share/texlive/texmf-dist/tex/generic/pgf/math/pgfmathfunctions.comparison
.code.tex)
(/usr/share/texlive/texmf-dist/tex/generic/pgf/math/pgfmathfunctions.base.code.
tex)
(/usr/share/texlive/texmf-dist/tex/generic/pgf/math/pgfmathfunctions.round.code
.tex)
(/usr/share/texlive/texmf-dist/tex/generic/pgf/math/pgfmathfunctions.misc.code.
tex)
(/usr/share/texlive/texmf-dist/tex/generic/pgf/math/pgfmathfunctions.integerari
thmetics.code.tex))) (/usr/share/texlive/texmf-dist/tex/generic/pgf/math/pgfmat
hfloat.code.tex
\c@pgfmathroundto@lastzeros=\count311
)) (/usr/share/texlive/texmf-dist/tex/generic/pgf/math/pgfint.code.tex)
(/usr/share/texlive/texmf-dist/tex/generic/pgf/basiclayer/pgfcorepoints.code.te
x
File: pgfcorepoints.code.tex 2021/05/15 v3.1.9a (3.1.9a)
\pgf@picminx=\dimen276
\pgf@picmaxx=\dimen277
\pgf@picminy=\dimen278
\pgf@picmaxy=\dimen279
\pgf@pathminx=\dimen280
\pgf@pathmaxx=\dimen281
\pgf@pathminy=\dimen282
\pgf@pathmaxy=\dimen283
\pgf@xx=\dimen284
\pgf@xy=\dimen285
\pgf@yx=\dimen286
\pgf@yy=\dimen287
\pgf@zx=\dimen288
\pgf@zy=\dimen289
)
(/usr/share/texlive/texmf-dist/tex/generic/pgf/basiclayer/pgfcorepathconstruct.
code.tex
File: pgfcorepathconstruct.code.tex 2021/05/15 v3.1.9a (3.1.9a)
\pgf@path@lastx=\dimen290
\pgf@path@lasty=\dimen291
)
(/usr/share/texlive/texmf-dist/tex/generic/pgf/basiclayer/pgfcorepathusage.code
.tex
File: pgfcorepathusage.code.tex 2021/05/15 v3.1.9a (3.1.9a)
\pgf@shorten@end@additional=\dimen292
\pgf@shorten@start@additional=\dimen293
)
(/usr/share/texlive/texmf-dist/tex/generic/pgf/basiclayer/pgfcorescopes.code.te
x
File: pgfcorescopes.code.tex 2021/05/15 v3.1.9a (3.1.9a)
\pgfpic=\box65
\pgf@hbox=\box66
\pgf@layerbox@main=\box67
\pgf@picture@serial@count=\count312
)
(/usr/share/texlive/texmf-dist/tex/generic/pgf/basiclayer/pgfcoregraphicstate.c
ode.tex
File: pgfcoregraphicstate.code.tex 2021/05/15 v3.1.9a (3.1.9a)
\pgflinewidth=\dimen294
)
(/usr/share/texlive/texmf-dist/tex/generic/pgf/basiclayer/pgfcoretransformation
s.code.tex
File: pgfcoretransformations.code.tex 2021/05/15 v3.1.9a (3.1.9a)
\pgf@pt@x=\dimen295
\pgf@pt@y=\dimen296
\pgf@pt@temp=\dimen297
)
(/usr/share/texlive/texmf-dist/tex/generic/pgf/basiclayer/pgfcorequick.code.tex
File: pgfcorequick.code.tex 2021/05/15 v3.1.9a (3.1.9a)
)
(/usr/share/texlive/texmf-dist/tex/generic/pgf/basiclayer/pgfcoreobjects.code.t
ex
File: pgfcoreobjects.code.tex 2021/05/15 v3.1.9a (3.1.9a)
)
(/usr/share/texlive/texmf-dist/tex/generic/pgf/basiclayer/pgfcorepathprocessing
.code.tex
File: pgfcorepathprocessing.code.tex 2021/05/15 v3.1.9a (3.1.9a)
)
(/usr/share/texlive/texmf-dist/tex/generic/pgf/basiclayer/pgfcorearrows.code.te
x
File: pgfcorearrows.code.tex 2021/05/15 v3.1.9a (3.1.9a)
\pgfarrowsep=\dimen298
)
(/usr/share/texlive/texmf-dist/tex/generic/pgf/basiclayer/pgfcoreshade.code.tex
File: pgfcoreshade.code.tex 2021/05/15 v3.1.9a (3.1.9a)
\pgf@max=\dimen299
\pgf@sys@shading@range@num=\count313
\pgf@shadingcount=\count314
)
(/usr/share/texlive/texmf-dist/tex/generic/pgf/basiclayer/pgfcoreimage.code.tex
File: pgfcoreimage.code.tex 2021/05/15 v3.1.9a (3.1.9a)

(/usr/share/texlive/texmf-dist/tex/generic/pgf/basiclayer/pgfcoreexternal.code.
tex
File: pgfcoreexternal.code.tex 2021/05/15 v3.1.9a (3.1.9a)
\pgfexternal@startupbox=\box68
))
(/usr/share/texlive/texmf-dist/tex/generic/pgf/basiclayer/pgfcorelayers.code.te
x
File: pgfcorelayers.code.tex 2021/05/15 v3.1.9a (3.1.9a)
)
(/usr/share/texlive/texmf-dist/tex/generic/pgf/basiclayer/pgfcoretransparency.c
ode.tex
File: pgfcoretransparency.code.tex 2021/05/15 v3.1.9a (3.1.9a)
)
(/usr/share/texlive/texmf-dist/tex/generic/pgf/basiclayer/pgfcorepatterns.code.
tex
File: pgfcorepatterns.code.tex 2021/05/15 v3.1.9a (3.1.9a)
) (/usr/share/texlive/texmf-dist/tex/generic/pgf/basiclayer/pgfcorerdf.code.tex
File: pgfcorerdf.code.tex 2021/05/15 v3.1.9a (3.1.9a)
)))
(/usr/share/texlive/texmf-dist/tex/generic/pgf/modules/pgfmoduleshapes.code.tex
File: pgfmoduleshapes.code.tex 2021/05/15 v3.1.9a (3.1.9a)
\pgfnodeparttextbox=\box69
) (/usr/share/texlive/texmf-dist/tex/generic/pgf/modules/pgfmoduleplot.code.tex
File: pgfmoduleplot.code.tex 2021/05/15 v3.1.9a (3.1.9a)
)
(/usr/share/texlive/texmf-dist/tex/latex/pgf/compatibility/pgfcomp-version-0-65
.sty
Package: pgfcomp-version-0-65 2021/05/15 v3.1.9a (3.1.9a)
\pgf@nodesepstart=\dimen300
\pgf@nodesepend=\dimen301
)
(/usr/share/texlive/texmf-dist/tex/latex/pgf/compatibility/pgfcomp-version-1-18
.sty
Package: pgfcomp-version-1-18 2021/05/15 v3.1.9a (3.1.9a)
)) (/usr/share/texlive/texmf-dist/tex/latex/pgf/utilities/pgffor.sty (/usr/shar
e/texlive/texmf-dist/tex/latex/pgf/utilities/pgfkeys.sty (/usr/share/texlive/te
xmf-dist/tex/generic/pgf/utilities/pgfkeys.code.tex)) (/usr/share/texlive/texmf
-dist/tex/latex/pgf/math/pgfmath.sty (/usr/share/texlive/texmf-dist/tex/generic
/pgf/math/pgfmath.code.tex)) (/usr/share/texlive/texmf-dist/tex/generic/pgf/uti
lities/pgffor.code.tex
Package: pgffor 2021/05/15 v3.1.9a (3.1.9a)
(/usr/share/texlive/texmf-dist/tex/generic/pgf/math/pgfmath.code.tex)
\pgffor@iter=\dimen302
\pgffor@skip=\dimen303
\pgffor@stack=\toks49
\pgffor@toks=\toks50
))
(/usr/share/texlive/texmf-dist/tex/generic/pgf/frontendlayer/tikz/tikz.code.tex
Package: tikz 2021/05/15 v3.1.9a (3.1.9a)

(/usr/share/texlive/texmf-dist/tex/generic/pgf/libraries/pgflibraryplothandlers
.code.tex
File: pgflibraryplothandlers.code.tex 2021/05/15 v3.1.9a (3.1.9a)
\pgf@plot@mark@count=\count315
\pgfplotmarksize=\dimen304
)
\tikz@lastx=\dimen305
\tikz@lasty=\dimen306
\tikz@lastxsaved=\dimen307
\tikz@lastysaved=\dimen308
\tikz@lastmovetox=\dimen309
\tikz@lastmovetoy=\dimen310
\tikzleveldistance=\dimen311
\tikzsiblingdistance=\dimen312
\tikz@figbox=\box70
\tikz@figbox@bg=\box71
\tikz@tempbox=\box72
\tikz@tempbox@bg=\box73
\tikztreelevel=\count316
\tikznumberofchildren=\count317
\tikznumberofcurrentchild=\count318
\tikz@fig@count=\count319

(/usr/share/texlive/texmf-dist/tex/generic/pgf/modules/pgfmodulematrix.code.tex
File: pgfmodulematrix.code.tex 2021/05/15 v3.1.9a (3.1.9a)
\pgfmatrixcurrentrow=\count320
\pgfmatrixcurrentcolumn=\count321
\pgf@matrix@numberofcolumns=\count322
)
\tikz@expandcount=\count323

(/usr/share/texlive/texmf-dist/tex/generic/pgf/frontendlayer/tikz/libraries/tik
zlibrarytopaths.code.tex
File: tikzlibrarytopaths.code.tex 2021/05/15 v3.1.9a (3.1.9a)
))) (/usr/share/texlive/texmf-dist/tex/latex/pgfplots/pgfplots.sty (/usr/share/
texlive/texmf-dist/tex/generic/pgfplots/pgfplots.revision.tex)
Package: pgfplots 2021/05/15 v1.18.1 Data Visualization (1.18.1)
(/usr/share/texlive/texmf-dist/tex/generic/pgfplots/pgfplots.code.tex (/usr/sha
re/texlive/texmf-dist/tex/generic/pgfplots/pgfplotscore.code.tex
\t@pgfplots@toka=\toks51
\t@pgfplots@tokb=\toks52
\t@pgfplots@tokc=\toks53
\pgfplots@tmpa=\dimen313
\c@pgfplots@coordindex=\count324
\c@pgfplots@scanlineindex=\count325

(/usr/share/texlive/texmf-dist/tex/generic/pgfplots/sys/pgfplotssysgeneric.code
.tex))
(/usr/share/texlive/texmf-dist/tex/generic/pgfplots/libs/pgfplotslibrary.code.t
ex)
(/usr/share/texlive/texmf-dist/tex/generic/pgfplots/oldpgfcompatib/pgfplotsoldp
gfsupp_loader.code.tex
(/usr/share/texlive/texmf-dist/tex/generic/pgf/libraries/pgflibraryfpu.code.tex
)) (/usr/share/texlive/texmf-dist/tex/generic/pgfplots/util/pgfplotsutil.code.t
ex
(/usr/share/texlive/texmf-dist/tex/generic/pgfplots/liststructure/pgfplotslists
tructure.code.tex)
(/usr/share/texlive/texmf-dist/tex/generic/pgfplots/liststructure/pgfplotslists
tructureext.code.tex)
(/usr/share/texlive/texmf-dist/tex/generic/pgfplots/liststructure/pgfplotsarray
.code.tex
\c@pgfplotsarray@tmp=\count326
)
(/usr/share/texlive/texmf-dist/tex/generic/pgfplots/liststructure/pgfplotsmatri
x.code.tex)
(/usr/share/texlive/texmf-dist/tex/generic/pgfplots/numtable/pgfplotstableshare
d.code.tex
\c@pgfplotstable@counta=\count327
\t@pgfplotstable@a=\toks54
)
(/usr/share/texlive/texmf-dist/tex/generic/pgfplots/liststructure/pgfplotsdeque
.code.tex)
(/usr/share/texlive/texmf-dist/tex/generic/pgfplots/util/pgfplotsbinary.code.te
x
(/usr/share/texlive/texmf-dist/tex/generic/pgfplots/util/pgfplotsbinary.data.co
de.tex))
(/usr/share/texlive/texmf-dist/tex/generic/pgfplots/util/pgfplotsutil.verb.code
.tex)
(/usr/share/texlive/texmf-dist/tex/generic/pgfplots/libs/pgflibrarypgfplots.sur
fshading.code.tex
\c@pgfplotslibrarysurf@no=\count328

(/usr/share/texlive/texmf-dist/tex/generic/pgfplots/sys/pgflibrarypgfplots.surf
shading.pgfsys-pdftex.def)))
(/usr/share/texlive/texmf-dist/tex/generic/pgfplots/util/pgfplotscolormap.code.
tex
(/usr/share/texlive/texmf-dist/tex/generic/pgfplots/util/pgfplotscolor.code.tex
))
(/usr/share/texlive/texmf-dist/tex/generic/pgfplots/pgfplotsstackedplots.code.t
ex)
(/usr/share/texlive/texmf-dist/tex/generic/pgfplots/pgfplotsplothandlers.code.t
ex
(/usr/share/texlive/texmf-dist/tex/generic/pgfplots/pgfplotsmeshplothandler.cod
e.tex
(/usr/share/texlive/texmf-dist/tex/generic/pgfplots/pgfplotsmeshplotimage.code.
tex))) (/usr/share/texlive/texmf-dist/tex/generic/pgfplots/pgfplots.scaling.cod
e.tex)
(/usr/share/texlive/texmf-dist/tex/generic/pgfplots/pgfplotscoordprocessing.cod
e.tex)
(/usr/share/texlive/texmf-dist/tex/generic/pgfplots/pgfplots.errorbars.code.tex
) (/usr/share/texlive/texmf-dist/tex/generic/pgfplots/pgfplots.markers.code.tex
) (/usr/share/texlive/texmf-dist/tex/generic/pgfplots/pgfplotsticks.code.tex) (
/usr/share/texlive/texmf-dist/tex/generic/pgfplots/pgfplots.paths.code.tex)
(/usr/share/texlive/texmf-dist/tex/generic/pgf/frontendlayer/tikz/libraries/tik
zlibrarydecorations.code.tex
(/usr/share/texlive/texmf-dist/tex/generic/pgf/modules/pgfmoduledecorations.cod
e.tex
\pgfdecoratedcompleteddistance=\dimen314
\pgfdecoratedremainingdistance=\dimen315
\pgfdecoratedinputsegmentcompleteddistance=\dimen316
\pgfdecoratedinputsegmentremainingdistance=\dimen317
\pgf@decorate@distancetomove=\dimen318
\pgf@decorate@repeatstate=\count329
\pgfdecorationsegmentamplitude=\dimen319
\pgfdecorationsegmentlength=\dimen320
)
\tikz@lib@dec@box=\box74
)
(/usr/share/texlive/texmf-dist/tex/generic/pgf/frontendlayer/tikz/libraries/tik
zlibrarydecorations.pathmorphing.code.tex
(/usr/share/texlive/texmf-dist/tex/generic/pgf/libraries/decorations/pgflibrary
decorations.pathmorphing.code.tex))
(/usr/share/texlive/texmf-dist/tex/generic/pgf/frontendlayer/tikz/libraries/tik
zlibrarydecorations.pathreplacing.code.tex
(/usr/share/texlive/texmf-dist/tex/generic/pgf/libraries/decorations/pgflibrary
decorations.pathreplacing.code.tex))
(/usr/share/texlive/texmf-dist/tex/generic/pgfplots/libs/tikzlibrarypgfplots.co
ntourlua.code.tex)
\pgfplots@numplots=\count330
\pgfplots@xmin@reg=\dimen321
\pgfplots@xmax@reg=\dimen322
\pgfplots@ymin@reg=\dimen323
\pgfplots@ymax@reg=\dimen324
\pgfplots@zmin@reg=\dimen325
\pgfplots@zmax@reg=\dimen326
)
(/usr/share/texlive/texmf-dist/tex/generic/pgf/frontendlayer/tikz/libraries/tik
zlibraryplotmarks.code.tex
File: tikzlibraryplotmarks.code.tex 2021/05/15 v3.1.9a (3.1.9a)

(/usr/share/texlive/texmf-dist/tex/generic/pgf/libraries/pgflibraryplotmarks.co
de.tex
File: pgflibraryplotmarks.code.tex 2021/05/15 v3.1.9a (3.1.9a)
))) (/usr/share/texlive/texmf-dist/tex/latex/pgfplots/pgfplotstable.sty (/usr/s
hare/texlive/texmf-dist/tex/generic/pgfplots/pgfplots.revision.tex)
Package: pgfplotstable 2021/05/15 v1.18.1 Table typesetting and Pretty-printing
 (1.18.1)

(/usr/share/texlive/texmf-dist/tex/generic/pgfplots/numtable/pgfplotstable.code
.tex
(/usr/share/texlive/texmf-dist/tex/generic/pgfplots/numtable/pgfplotstable.colt
ype.code.tex)) (/usr/share/texlive/texmf-dist/tex/latex/tools/array.sty
Package: array 2021/10/04 v2.5f Tabular extension package (FMi)
\col@sep=\dimen327
\ar@mcellbox=\box75
\extrarowheight=\dimen328
\NC@list=\toks55
\extratabsurround=\skip64
\backup@length=\skip65
\ar@cellbox=\box76
)) (/usr/share/texlive/texmf-dist/tex/latex/tcolorbox/tcolorbox.sty
Package: tcolorbox 2022/01/07 version 5.0.2 text color boxes
(/usr/share/texlive/texmf-dist/tex/latex/tools/verbatim.sty
Package: verbatim 2020-07-07 v1.5u LaTeX2e package for verbatim enhancements
\every@verbatim=\toks56
\verbatim@line=\toks57
\verbatim@in@stream=\read3
) (/usr/share/texlive/texmf-dist/tex/latex/environ/environ.sty
Package: environ 2014/05/04 v0.3 A new way to define environments
(/usr/share/texlive/texmf-dist/tex/latex/trimspaces/trimspaces.sty
Package: trimspaces 2009/09/17 v1.1 Trim spaces around a token list
))
\tcb@titlebox=\box77
\tcb@upperbox=\box78
\tcb@lowerbox=\box79
\tcb@phantombox=\box80
\c@tcbbreakpart=\count331
\c@tcblayer=\count332
\c@tcolorbox@number=\count333
\tcb@temp=\box81
\tcb@temp=\box82
\tcb@temp=\box83
\tcb@temp=\box84
) (/usr/share/texlive/texmf-dist/tex/latex/preprint/authblk.sty
Package: authblk 2001/02/27 1.3 (PWD)
\affilsep=\skip66
\@affilsep=\skip67
\c@Maxaffil=\count334
\c@authors=\count335
\c@affil=\count336
) (/usr/share/texlive/texmf-dist/tex/latex/biblatex/biblatex.sty
Package: biblatex 2022/02/02 v3.17 programmable bibliographies (PK/MW)
(/usr/share/texlive/texmf-dist/tex/generic/pdftexcmds/pdftexcmds.sty
Package: pdftexcmds 2020-06-27 v0.33 Utility functions of pdfTeX for LuaTeX (HO
)
(/usr/share/texlive/texmf-dist/tex/generic/infwarerr/infwarerr.sty
Package: infwarerr 2019/12/03 v1.5 Providing info/warning/error messages (HO)
) (/usr/share/texlive/texmf-dist/tex/generic/ltxcmds/ltxcmds.sty
Package: ltxcmds 2020-05-10 v1.25 LaTeX kernel commands for general use (HO)
)
Package pdftexcmds Info: \pdf@primitive is available.
Package pdftexcmds Info: \pdf@ifprimitive is available.
Package pdftexcmds Info: \pdfdraftmode found.
) (/usr/share/texlive/texmf-dist/tex/latex/kvoptions/kvoptions.sty
Package: kvoptions 2020-10-07 v3.14 Key value format for package options (HO)
(/usr/share/texlive/texmf-dist/tex/generic/kvsetkeys/kvsetkeys.sty
Package: kvsetkeys 2019/12/15 v1.18 Key value parser (HO)
)) (/usr/share/texlive/texmf-dist/tex/latex/logreq/logreq.sty
Package: logreq 2010/08/04 v1.0 xml request logger
\lrq@indent=\count337
(/usr/share/texlive/texmf-dist/tex/latex/logreq/logreq.def
File: logreq.def 2010/08/04 v1.0 logreq spec v1.0
))
\c@tabx@nest=\count338
\c@listtotal=\count339
\c@listcount=\count340
\c@liststart=\count341
\c@liststop=\count342
\c@citecount=\count343
\c@citetotal=\count344
\c@multicitecount=\count345
\c@multicitetotal=\count346
\c@instcount=\count347
\c@maxnames=\count348
\c@minnames=\count349
\c@maxitems=\count350
\c@minitems=\count351
\c@citecounter=\count352
\c@maxcitecounter=\count353
\c@savedcitecounter=\count354
\c@uniquelist=\count355
\c@uniquename=\count356
\c@refsection=\count357
\c@refsegment=\count358
\c@maxextratitle=\count359
\c@maxextratitleyear=\count360
\c@maxextraname=\count361
\c@maxextradate=\count362
\c@maxextraalpha=\count363
\c@abbrvpenalty=\count364
\c@highnamepenalty=\count365
\c@lownamepenalty=\count366
\c@maxparens=\count367
\c@parenlevel=\count368
\blx@tempcnta=\count369
\blx@tempcntb=\count370
\blx@tempcntc=\count371
\c@blx@maxsection=\count372
\c@blx@maxsegment@0=\count373
\blx@notetype=\count374
\blx@parenlevel@text=\count375
\blx@parenlevel@foot=\count376
\c@blx@sectionciteorder@0=\count377
\blx@entrysetcounter=\count378
\blx@biblioinstance=\count379
\labelnumberwidth=\skip68
\labelalphawidth=\skip69
\biblabelsep=\skip70
\bibitemsep=\skip71
\bibnamesep=\skip72
\bibinitsep=\skip73
\bibparsep=\skip74
\bibhang=\skip75
\blx@bcfin=\read4
\blx@bcfout=\write5
\blx@langwohyphens=\language14
\c@mincomprange=\count380
\c@maxcomprange=\count381
\c@mincompwidth=\count382
Package biblatex Info: Trying to load biblatex default data model...
Package biblatex Info: ... file 'blx-dm.def' found.
(/usr/share/texlive/texmf-dist/tex/latex/biblatex/blx-dm.def
File: blx-dm.def 2022/02/02 v3.17 biblatex localization (PK/MW)
)
Package biblatex Info: Trying to load biblatex citestyle data model...
Package biblatex Info: ... file 'numeric-comp.dbx' not found.
Package biblatex Info: Trying to load biblatex custom data model...
Package biblatex Info: ... file 'biblatex-dm.cfg' not found.
\c@afterword=\count383
\c@savedafterword=\count384
\c@annotator=\count385
\c@savedannotator=\count386
\c@author=\count387
\c@savedauthor=\count388
\c@bookauthor=\count389
\c@savedbookauthor=\count390
\c@commentator=\count391
\c@savedcommentator=\count392
\c@editor=\count393
\c@savededitor=\count394
\c@editora=\count395
\c@savededitora=\count396
\c@editorb=\count397
\c@savededitorb=\count398
\c@editorc=\count399
\c@savededitorc=\count400
\c@foreword=\count401
\c@savedforeword=\count402
\c@holder=\count403
\c@savedholder=\count404
\c@introduction=\count405
\c@savedintroduction=\count406
\c@namea=\count407
\c@savednamea=\count408
\c@nameb=\count409
\c@savednameb=\count410
\c@namec=\count411
\c@savednamec=\count412
\c@translator=\count413
\c@savedtranslator=\count414
\c@shortauthor=\count415
\c@savedshortauthor=\count416
\c@shorteditor=\count417
\c@savedshorteditor=\count418
\c@labelname=\count419
\c@savedlabelname=\count420
\c@institution=\count421
\c@savedinstitution=\count422
\c@lista=\count423
\c@savedlista=\count424
\c@listb=\count425
\c@savedlistb=\count426
\c@listc=\count427
\c@savedlistc=\count428
\c@listd=\count429
\c@savedlistd=\count430
\c@liste=\count431
\c@savedliste=\count432
\c@listf=\count433
\c@savedlistf=\count434
\c@location=\count435
\c@savedlocation=\count436
\c@organization=\count437
\c@savedorganization=\count438
\c@origlocation=\count439
\c@savedoriglocation=\count440
\c@origpublisher=\count441
\c@savedorigpublisher=\count442
\c@publisher=\count443
\c@savedpublisher=\count444
\c@language=\count445
\c@savedlanguage=\count446
\c@origlanguage=\count447
\c@savedoriglanguage=\count448
\c@pageref=\count449
\c@savedpageref=\count450
\shorthandwidth=\skip76
\shortjournalwidth=\skip77
\shortserieswidth=\skip78
\shorttitlewidth=\skip79
\shortauthorwidth=\skip80
\shorteditorwidth=\skip81
\locallabelnumberwidth=\skip82
\locallabelalphawidth=\skip83
\localshorthandwidth=\skip84
\localshortjournalwidth=\skip85
\localshortserieswidth=\skip86
\localshorttitlewidth=\skip87
\localshortauthorwidth=\skip88
\localshorteditorwidth=\skip89
Package biblatex Info: Trying to load compatibility code...
Package biblatex Info: ... file 'blx-compat.def' found.
(/usr/share/texlive/texmf-dist/tex/latex/biblatex/blx-compat.def
File: blx-compat.def 2022/02/02 v3.17 biblatex compatibility (PK/MW)
)
Package biblatex Info: Trying to load generic definitions...
Package biblatex Info: ... file 'biblatex.def' found.
(/usr/share/texlive/texmf-dist/tex/latex/biblatex/biblatex.def
File: biblatex.def 2022/02/02 v3.17 biblatex compatibility (PK/MW)
\c@textcitecount=\count451
\c@textcitetotal=\count452
\c@textcitemaxnames=\count453
\c@biburlbigbreakpenalty=\count454
\c@biburlbreakpenalty=\count455
\c@biburlnumpenalty=\count456
\c@biburlucpenalty=\count457
\c@biburllcpenalty=\count458
\biburlbigskip=\muskip18
\biburlnumskip=\muskip19
\biburlucskip=\muskip20
\biburllcskip=\muskip21
\c@smartand=\count459
)
Package biblatex Info: Trying to load bibliography style 'numeric'...
Package biblatex Info: ... file 'numeric.bbx' found.
(/usr/share/texlive/texmf-dist/tex/latex/biblatex/bbx/numeric.bbx
File: numeric.bbx 2022/02/02 v3.17 biblatex bibliography style (PK/MW)
Package biblatex Info: Trying to load bibliography style 'standard'...
Package biblatex Info: ... file 'standard.bbx' found.
(/usr/share/texlive/texmf-dist/tex/latex/biblatex/bbx/standard.bbx
File: standard.bbx 2022/02/02 v3.17 biblatex bibliography style (PK/MW)
\c@bbx:relatedcount=\count460
\c@bbx:relatedtotal=\count461
))
Package biblatex Info: Trying to load citation style 'numeric-comp'...
Package biblatex Info: ... file 'numeric-comp.cbx' found.
(/usr/share/texlive/texmf-dist/tex/latex/biblatex/cbx/numeric-comp.cbx
File: numeric-comp.cbx 2022/02/02 v3.17 biblatex citation style (PK/MW)
\c@cbx@tempcnta=\count462
\c@cbx@tempcntb=\count463
\c@cbx@tempcntc=\count464
\c@cbx@tempcntd=\count465
Package biblatex Info: Redefining '\cite'.
Package biblatex Info: Redefining '\parencite'.
Package biblatex Info: Redefining '\footcite'.
Package biblatex Info: Redefining '\footcitetext'.
Package biblatex Info: Redefining '\smartcite'.
Package biblatex Info: Redefining '\supercite'.
Package biblatex Info: Redefining '\textcite'.
Package biblatex Info: Redefining '\textcites'.
Package biblatex Info: Redefining '\cites'.
Package biblatex Info: Redefining '\parencites'.
Package biblatex Info: Redefining '\smartcites'.
)
Package biblatex Info: Trying to load configuration file...
Package biblatex Info: ... file 'biblatex.cfg' found.
(/usr/share/texlive/texmf-dist/tex/latex/biblatex/biblatex.cfg
File: biblatex.cfg 
)
Package biblatex Info: Input encoding 'utf8' detected.
Package biblatex Info: Document encoding is UTF8 ....
(/usr/share/texlive/texmf-dist/tex/latex/l3kernel/expl3.sty
Package: expl3 2022-01-21 L3 programming layer (loader) 
(/usr/share/texlive/texmf-dist/tex/latex/l3backend/l3backend-pdftex.def
File: l3backend-pdftex.def 2022-01-12 L3 backend support: PDF output (pdfTeX)
\l__color_backend_stack_int=\count466
\l__pdf_internal_box=\box85
))
Package biblatex Info: ... and expl3
(biblatex)             2022-01-21 L3 programming layer (loader) 
(biblatex)             is new enough (at least 2020/04/06),
(biblatex)             setting 'casechanger=expl3'.
(/usr/share/texlive/texmf-dist/tex/latex/biblatex/blx-case-expl3.sty (/usr/shar
e/texlive/texmf-dist/tex/latex/l3packages/xparse/xparse.sty
Package: xparse 2022-01-12 L3 Experimental document command parser
)
Package: blx-case-expl3 2022/02/02 v3.17 expl3 case changing code for biblatex
))) (/usr/share/texlive/texmf-dist/tex/latex/appendix/appendix.sty
Package: appendix 2020/02/08 v1.2c extra appendix facilities
\c@@pps=\count467
\c@@ppsavesec=\count468
\c@@ppsaveapp=\count469
)
(/usr/share/texlive/texmf-dist/tex/generic/pgf/frontendlayer/tikz/libraries/tik
zlibrarypatterns.code.tex
File: tikzlibrarypatterns.code.tex 2021/05/15 v3.1.9a (3.1.9a)

(/usr/share/texlive/texmf-dist/tex/generic/pgf/libraries/pgflibrarypatterns.cod
e.tex
File: pgflibrarypatterns.code.tex 2021/05/15 v3.1.9a (3.1.9a)
))
\@indexfile=\write6
\openout6 = `figs/main-figure11.idx'.

Writing index file figs/main-figure11.idx
(./add_myDefinitions.tex
\c@theorem=\count470
\c@Definition=\count471
\c@corollary=\count472
\c@Theorem=\count473
\c@Lemma=\count474
\c@Claim=\count475
\c@Notation=\count476
\c@Algorithm=\count477
\c@Observation=\count478
\c@problem=\count479
\c@dproblem=\count480
\c@remark=\count481

(/usr/share/texlive/texmf-dist/tex/latex/pgf/frontendlayer/libraries/tikzlibrar
yexternal.code.tex (/usr/share/texlive/texmf-dist/tex/latex/base/atveryend-ltx.
sty
Package: atveryend-ltx 2020/08/19 v1.0a Emulation of the original atveryend pac
kage
with kernel methods
)
(/usr/share/texlive/texmf-dist/tex/generic/pgf/frontendlayer/tikz/libraries/tik
zexternalshared.code.tex))
(/usr/share/texlive/texmf-dist/tex/generic/pgf/frontendlayer/tikz/libraries/tik
zlibraryfadings.code.tex
File: tikzlibraryfadings.code.tex 2021/05/15 v3.1.9a (3.1.9a)

(/usr/share/texlive/texmf-dist/tex/generic/pgf/libraries/pgflibraryfadings.code
.tex
File: pgflibraryfadings.code.tex 2021/05/15 v3.1.9a (3.1.9a)
))
(/usr/share/texlive/texmf-dist/tex/generic/pgf/frontendlayer/tikz/libraries/tik
zlibraryshapes.code.tex
File: tikzlibraryshapes.code.tex 2021/05/15 v3.1.9a (3.1.9a)

(/usr/share/texlive/texmf-dist/tex/generic/pgf/frontendlayer/tikz/libraries/tik
zlibraryshapes.geometric.code.tex
File: tikzlibraryshapes.geometric.code.tex 2021/05/15 v3.1.9a (3.1.9a)

(/usr/share/texlive/texmf-dist/tex/generic/pgf/libraries/shapes/pgflibraryshape
s.geometric.code.tex
File: pgflibraryshapes.geometric.code.tex 2021/05/15 v3.1.9a (3.1.9a)
))
(/usr/share/texlive/texmf-dist/tex/generic/pgf/frontendlayer/tikz/libraries/tik
zlibraryshapes.misc.code.tex
File: tikzlibraryshapes.misc.code.tex 2021/05/15 v3.1.9a (3.1.9a)

(/usr/share/texlive/texmf-dist/tex/generic/pgf/libraries/shapes/pgflibraryshape
s.misc.code.tex
File: pgflibraryshapes.misc.code.tex 2021/05/15 v3.1.9a (3.1.9a)
))
(/usr/share/texlive/texmf-dist/tex/generic/pgf/frontendlayer/tikz/libraries/tik
zlibraryshapes.symbols.code.tex
File: tikzlibraryshapes.symbols.code.tex 2021/05/15 v3.1.9a (3.1.9a)

(/usr/share/texlive/texmf-dist/tex/generic/pgf/libraries/shapes/pgflibraryshape
s.symbols.code.tex
File: pgflibraryshapes.symbols.code.tex 2021/05/15 v3.1.9a (3.1.9a)
))
(/usr/share/texlive/texmf-dist/tex/generic/pgf/frontendlayer/tikz/libraries/tik
zlibraryshapes.arrows.code.tex
File: tikzlibraryshapes.arrows.code.tex 2021/05/15 v3.1.9a (3.1.9a)

(/usr/share/texlive/texmf-dist/tex/generic/pgf/libraries/shapes/pgflibraryshape
s.arrows.code.tex
File: pgflibraryshapes.arrows.code.tex 2021/05/15 v3.1.9a (3.1.9a)
))
(/usr/share/texlive/texmf-dist/tex/generic/pgf/frontendlayer/tikz/libraries/tik
zlibraryshapes.callouts.code.tex
(/usr/share/texlive/texmf-dist/tex/generic/pgf/libraries/shapes/pgflibraryshape
s.callouts.code.tex))
(/usr/share/texlive/texmf-dist/tex/generic/pgf/frontendlayer/tikz/libraries/tik
zlibraryshapes.multipart.code.tex
File: tikzlibraryshapes.multipart.code.tex 2021/05/15 v3.1.9a (3.1.9a)

(/usr/share/texlive/texmf-dist/tex/generic/pgf/libraries/shapes/pgflibraryshape
s.multipart.code.tex
File: pgflibraryshapes.multipart.code.tex 2021/05/15 v3.1.9a (3.1.9a)
\pgfnodepartlowerbox=\box86
\pgfnodeparttwobox=\box87
\pgfnodepartthreebox=\box88
\pgfnodepartfourbox=\box89
\pgfnodeparttwentybox=\box90
\pgfnodepartnineteenbox=\box91
\pgfnodeparteighteenbox=\box92
\pgfnodepartseventeenbox=\box93
\pgfnodepartsixteenbox=\box94
\pgfnodepartfifteenbox=\box95
\pgfnodepartfourteenbox=\box96
\pgfnodepartthirteenbox=\box97
\pgfnodeparttwelvebox=\box98
\pgfnodepartelevenbox=\box99
\pgfnodeparttenbox=\box100
\pgfnodepartninebox=\box101
\pgfnodeparteightbox=\box102
\pgfnodepartsevenbox=\box103
\pgfnodepartsixbox=\box104
\pgfnodepartfivebox=\box105
)))
(/usr/share/texlive/texmf-dist/tex/generic/pgf/frontendlayer/tikz/libraries/tik
zlibraryarrows.code.tex
File: tikzlibraryarrows.code.tex 2021/05/15 v3.1.9a (3.1.9a)

(/usr/share/texlive/texmf-dist/tex/generic/pgf/libraries/pgflibraryarrows.code.
tex
File: pgflibraryarrows.code.tex 2021/05/15 v3.1.9a (3.1.9a)
\arrowsize=\dimen329
))
(/usr/share/texlive/texmf-dist/tex/generic/pgfplots/libs/tikzlibrarypgfplots.fi
llbetween.code.tex
(/usr/share/texlive/texmf-dist/tex/generic/pgfplots/pgfcontrib/tikzlibraryfillb
etween.code.tex
(/usr/share/texlive/texmf-dist/tex/generic/pgf/frontendlayer/tikz/libraries/tik
zlibraryintersections.code.tex
(/usr/share/texlive/texmf-dist/tex/generic/pgf/libraries/pgflibraryintersection
s.code.tex
\pgf@intersect@solutions=\count482
))
(/usr/share/texlive/texmf-dist/tex/generic/pgfplots/pgfcontrib/tikzlibrarydecor
ations.softclip.code.tex
(/usr/share/texlive/texmf-dist/tex/generic/pgfplots/pgfcontrib/pgflibraryfillbe
tween.code.tex)))
(/usr/share/texlive/texmf-dist/tex/generic/pgfplots/libs/tikzlibrarypgfplots.de
corations.softclip.code.tex))
No auxiliary output files.

\w@pgfexternal@auxout=\write7
Package TikZ externalization: calling \geometry{driver=none} during externaliza
tion.

)
\@quotelevel=\count483
\@quotereset=\count484
No file figs/main-figure11.aux.
LaTeX Font Info:    Checking defaults for OML/cmm/m/it on input line 16.
LaTeX Font Info:    ... okay on input line 16.
LaTeX Font Info:    Checking defaults for OMS/cmsy/m/n on input line 16.
LaTeX Font Info:    ... okay on input line 16.
LaTeX Font Info:    Checking defaults for OT1/cmr/m/n on input line 16.
LaTeX Font Info:    ... okay on input line 16.
LaTeX Font Info:    Checking defaults for T1/cmr/m/n on input line 16.
LaTeX Font Info:    ... okay on input line 16.
LaTeX Font Info:    Checking defaults for TS1/cmr/m/n on input line 16.
LaTeX Font Info:    ... okay on input line 16.
LaTeX Font Info:    Checking defaults for OMX/cmex/m/n on input line 16.
LaTeX Font Info:    ... okay on input line 16.
LaTeX Font Info:    Checking defaults for U/cmr/m/n on input line 16.
LaTeX Font Info:    ... okay on input line 16.
*geometry* detected driver: <none>
*geometry* verbose mode - [ preamble ] result:
* driver: \Gm@driver 
* paper: <default>
* layout: <same size as paper>
* layoutoffset:(h,v)=(0.0pt,0.0pt)
* modes: 
* h-part:(L,W,R)=(142.26378pt, 329.76744pt, 142.26378pt)
* v-part:(T,H,B)=(142.26378pt, 510.44243pt, 142.26378pt)
* \paperwidth=614.295pt
* \paperheight=794.96999pt
* \textwidth=329.76744pt
* \textheight=510.44243pt
* \oddsidemargin=69.99379pt
* \evensidemargin=69.99379pt
* \topmargin=69.99379pt
* \headheight=0.0pt
* \headsep=0.0pt
* \topskip=11.0pt
* \footskip=30.0pt
* \marginparwidth=59.0pt
* \marginparsep=10.0pt
* \columnsep=10.0pt
* \skip\footins=10.0pt plus 4.0pt minus 2.0pt
* \hoffset=0.0pt
* \voffset=0.0pt
* \mag=1000
* \@twocolumnfalse
* \@twosidefalse
* \@mparswitchfalse
* \@reversemarginfalse
* (1in=72.27pt=25.4mm, 1cm=28.453pt)

(/usr/share/texlive/texmf-dist/tex/context/base/mkii/supp-pdf.mkii
[Loading MPS to PDF converter (version 2006.09.02).]
\scratchcounter=\count485
\scratchdimen=\dimen330
\scratchbox=\box106
\nofMPsegments=\count486
\nofMParguments=\count487
\everyMPshowfont=\toks58
\MPscratchCnt=\count488
\MPscratchDim=\dimen331
\MPnumerator=\count489
\makeMPintoPDFobject=\count490
\everyMPtoPDFconversion=\toks59
) (/usr/share/texlive/texmf-dist/tex/latex/epstopdf-pkg/epstopdf-base.sty
Package: epstopdf-base 2020-01-24 v2.11 Base part for package epstopdf
Package epstopdf-base Info: Redefining graphics rule for `.eps' on input line 4
85.
(/usr/share/texlive/texmf-dist/tex/latex/latexconfig/epstopdf-sys.cfg
File: epstopdf-sys.cfg 2010/07/13 v1.3 Configuration of (r)epstopdf for TeX Liv
e
))
LaTeX Info: Redefining \microtypecontext on input line 16.
Package microtype Info: Applying patch `item' on input line 16.
Package microtype Info: Applying patch `toc' on input line 16.
Package microtype Info: Applying patch `eqnum' on input line 16.
Package microtype Info: Applying patch `footnote' on input line 16.
Package microtype Info: Generating PDF output.
Package microtype Info: Character protrusion enabled (level 2).
Package microtype Info: Using default protrusion set `alltext'.
Package microtype Info: Automatic font expansion enabled (level 2),
(microtype)             stretch: 20, shrink: 20, step: 1, non-selected.
Package microtype Info: Using default expansion set `alltext-nott'.
LaTeX Info: Redefining \showhyphens on input line 16.
Package microtype Info: No adjustment of tracking.
Package microtype Info: No adjustment of interword spacing.
Package microtype Info: No adjustment of character kerning.
(/usr/share/texlive/texmf-dist/tex/latex/microtype/mt-cmr.cfg
File: mt-cmr.cfg 2013/05/19 v2.2 microtype config. file: Computer Modern Roman 
(RS)
)
Package caption Info: Begin \AtBeginDocument code.
Package caption Info: End \AtBeginDocument code.
Package pgfplots notification 'compat/show suggested version=true': you might b
enefit from \pgfplotsset{compat=1.18} (current compat level: 1.16).

Package biblatex Info: Trying to load language 'english'...
Package biblatex Info: ... file 'english.lbx' found.
(/usr/share/texlive/texmf-dist/tex/latex/biblatex/lbx/english.lbx
File: english.lbx 2022/02/02 v3.17 biblatex localization (PK/MW)
)
Package biblatex Info: Input encoding 'utf8' detected.
Package biblatex Info: Automatic encoding selection.
(biblatex)             Assuming data encoding 'utf8'.
Package biblatex Info: Trying to load bibliographic data...
Package biblatex Info: ... file 'figs/main-figure11.bbl' not found.
No file figs/main-figure11.bbl.
Package biblatex Info: Reference section=0 on input line 16.
Package biblatex Info: Reference segment=0 on input line 16.
Package microtype Info: Loading generic protrusion settings for font family
(microtype)             `cmss' (encoding: OT1).
(microtype)             For optimal results, create family-specific settings.
(microtype)             See the microtype manual for details.
LaTeX Font Info:    Trying to load font information for U+msa on input line 28.

(/usr/share/texlive/texmf-dist/tex/latex/amsfonts/umsa.fd
File: umsa.fd 2013/01/14 v3.01 AMS symbols A
) (/usr/share/texlive/texmf-dist/tex/latex/microtype/mt-msa.cfg
File: mt-msa.cfg 2006/02/04 v1.1 microtype config. file: AMS symbols (a) (RS)
)
LaTeX Font Info:    Trying to load font information for U+msb on input line 28.

(/usr/share/texlive/texmf-dist/tex/latex/amsfonts/umsb.fd
File: umsb.fd 2013/01/14 v3.01 AMS symbols B
) (/usr/share/texlive/texmf-dist/tex/latex/microtype/mt-msb.cfg
File: mt-msb.cfg 2005/06/01 v1.0 microtype config. file: AMS symbols (b) (RS)
)
LaTeX Font Info:    Trying to load font information for U+rsfs on input line 28
.
(/usr/share/texlive/texmf-dist/tex/latex/jknapltx/ursfs.fd
File: ursfs.fd 1998/03/24 rsfs font definition file (jk)
)
Package microtype Info: Loading generic protrusion settings for font family
(microtype)             `cmtt' (encoding: OT1).
(microtype)             For optimal results, create family-specific settings.
(microtype)             See the microtype manual for details.

LaTeX Warning: Citation 'Francfort1998' on page 3 undefined on input line 54.


LaTeX Warning: Citation 'Bourdin2000' on page 3 undefined on input line 54.


LaTeX Warning: Citation 'Bourdin2007' on page 3 undefined on input line 54.


LaTeX Warning: Citation 'sukumar2000extended' on page 3 undefined on input line
 54.


LaTeX Warning: Citation 'moes2002extended' on page 3 undefined on input line 54
.


LaTeX Warning: Citation 'DUGDALE1960100' on page 3 undefined on input line 54.


LaTeX Warning: Citation 'BARENBLATT196255' on page 3 undefined on input line 54
.


LaTeX Warning: Citation 'elices2002cohesive' on page 3 undefined on input line 
54.


LaTeX Warning: Citation 'miehe2010b' on page 3 undefined on input line 56.


LaTeX Warning: Citation 'miehe2015486' on page 3 undefined on input line 56.


LaTeX Warning: Citation 'ambati2015ductile' on page 3 undefined on input line 5
6.


LaTeX Warning: Citation 'TEICHTMEISTER20171' on page 3 undefined on input line 
56.


LaTeX Warning: Citation 'BLEYER2018213' on page 3 undefined on input line 56.


LaTeX Warning: Citation 'WILSON2016264' on page 3 undefined on input line 56.


LaTeX Warning: Citation 'HEIDER201738' on page 3 undefined on input line 56.


LaTeX Warning: Citation 'cajuhi2018phase' on page 3 undefined on input line 56.



LaTeX Warning: Citation 'HU2020113106' on page 3 undefined on input line 56.


LaTeX Warning: Citation 'MARTINEZPANEDA2018742' on page 3 undefined on input li
ne 56.


LaTeX Warning: Citation 'KRISTENSEN2020104093' on page 3 undefined on input lin
e 56.


LaTeX Warning: Citation 'Mesgarnejad2013' on page 3 undefined on input line 56.



LaTeX Warning: Citation 'wu2017' on page 3 undefined on input line 56.


LaTeX Warning: Citation 'FENG201866' on page 3 undefined on input line 56.


LaTeX Warning: Citation 'WU2020112614' on page 3 undefined on input line 56.


LaTeX Warning: Citation 'WU2021114125' on page 3 undefined on input line 56.


LaTeX Warning: Citation 'MANDAL2021113648' on page 3 undefined on input line 56
.


LaTeX Warning: Citation 'patil2019multiscale' on page 3 undefined on input line
 56.


LaTeX Warning: Citation 'gerasimov2018non' on page 3 undefined on input line 56
.


LaTeX Warning: Citation 'nguyen2019multiscale' on page 3 undefined on input lin
e 56.


LaTeX Warning: Citation 'triantafyllou2020generalized' on page 3 undefined on i
nput line 56.


LaTeX Warning: Citation 'he2020numerical' on page 3 undefined on input line 56.



LaTeX Warning: Citation 'Bharali2021' on page 3 undefined on input line 56.


Overfull \hbox (81.62297pt too wide) in paragraph at lines 56--57
[]\OT1/cmr/m/n/10 (-20) ], anisotropic frac-ture [[], []],
 []


Overfull \hbox (4.65857pt too wide) in paragraph at lines 56--57
\OT1/cmr/m/n/10 (-20) hy-draulic frac-ture [[], []], des-ic-ca-tion crack-
 []


Overfull \hbox (56.50677pt too wide) in paragraph at lines 56--57
\OT1/cmr/m/n/10 (-20) ing [[], []], cor-ro-sion [[],
 []


Overfull \hbox (30.66736pt too wide) in paragraph at lines 56--57
\OT1/cmr/m/n/10 (-20) [[]] , and frac-ture of thermo-elastic solids [[]],
 []


LaTeX Warning: Citation 'Gerasimov2016' on page 3 undefined on input line 58.


LaTeX Warning: Citation 'kopanivcakova2020recursive' on page 3 undefined on inp
ut line 58.


LaTeX Warning: Citation 'wick2017modified' on page 3 undefined on input line 58
.


LaTeX Warning: Citation 'vignollet2014phase' on page 3 undefined on input line 
58.


LaTeX Warning: Citation 'may2015numerical' on page 3 undefined on input line 58
.


LaTeX Warning: Citation 'singh2016fracture' on page 3 undefined on input line 5
8.


LaTeX Warning: Citation 'BHARALI2022114927' on page 3 undefined on input line 5
8.


LaTeX Warning: Citation 'WU2020112704' on page 3 undefined on input line 58.


LaTeX Warning: Citation 'KRISTENSEN2020102446' on page 3 undefined on input lin
e 58.


LaTeX Warning: Citation 'Heister2015' on page 3 undefined on input line 58.


LaTeX Warning: Citation 'Heister2015' on page 3 undefined on input line 58.


Overfull \hbox (55.8456pt too wide) in paragraph at lines 58--59
\OT1/cmr/m/n/10 (-20) quasi-Newton (secant-based) meth-ods [[], []].
 []


LaTeX Warning: Citation 'de2020numerical' on page 4 undefined on input line 60.



LaTeX Warning: Citation 'Gerasimov2016' on page 4 undefined on input line 60.


LaTeX Warning: Citation 'GERASIMOV2019990' on page 4 undefined on input line 60
.


LaTeX Warning: Citation 'Heister2015' on page 4 undefined on input line 60.


LaTeX Warning: Citation 'Wick2017a' on page 4 undefined on input line 60.


LaTeX Warning: Citation 'wick2017modified' on page 4 undefined on input line 60
.


LaTeX Warning: Citation 'Miehe2010' on page 4 undefined on input line 60.


LaTeX Warning: Citation 'GERASIMOV2019990' on page 4 undefined on input line 60
.


LaTeX Warning: Citation 'forest2009micromorphic' on page 4 undefined on input l
ine 60.


LaTeX Warning: Citation 'forest2009micromorphic' on page 4 undefined on input l
ine 62.


LaTeX Warning: Citation 'Forest2014' on page 4 undefined on input line 62.


LaTeX Warning: Citation 'ASLAN20111311' on page 4 undefined on input line 62.


LaTeX Warning: Citation 'LINDROOS2022103187' on page 4 undefined on input line 
62.


LaTeX Warning: Citation 'GRAMMENOUDIS2010140' on page 4 undefined on input line
 62.


LaTeX Warning: Citation 'GRAMMENOUDIS2009957' on page 4 undefined on input line
 62.


LaTeX Warning: Citation 'Miehe2016micromorphic' on page 4 undefined on input li
ne 62.


LaTeX Warning: Citation 'forest2009micromorphic' on page 4 undefined on input l
ine 62.


LaTeX Warning: Citation 'Gerke1993dualporosity' on page 4 undefined on input li
ne 62.


LaTeX Warning: Citation 'Lee1999' on page 4 undefined on input line 62.


LaTeX Warning: Citation 'Witherspoon1980cubic' on page 4 undefined on input lin
e 62.


LaTeX Warning: Citation 'MIEHE2015186Biot' on page 4 undefined on input line 62
.


LaTeX Warning: Citation 'winkler2001traglastuntersuchungen' on page 4 undefined
 on input line 62.


LaTeX Warning: Citation 'Rots1988' on page 4 undefined on input line 62.


LaTeX Warning: Citation 'Mikelic2015fluidfrac' on page 4 undefined on input lin
e 62.


Overfull \hbox (22.09224pt too wide) in paragraph at lines 62--63
\OT1/cmr/m/n/10 (-20) with dam-age [[], []],
 []


LaTeX Warning: Reference `sec2' on page 5 undefined on input line 64.


LaTeX Warning: Reference `sec3' on page 5 undefined on input line 64.


LaTeX Warning: Reference `sec:porousFracture' on page 5 undefined on input line
 64.


LaTeX Warning: Reference `sec4' on page 5 undefined on input line 64.


LaTeX Warning: Reference `sec5' on page 5 undefined on input line 64.


LaTeX Warning: Reference `fig:sec2:continuumpotato' on page 6 undefined on inpu
t line 70.


LaTeX Font Warning: Command \scriptsize invalid in math mode on input line 70.


LaTeX Font Warning: Command \scriptsize invalid in math mode on input line 70.


LaTeX Font Warning: Command \scriptsize invalid in math mode on input line 70.


LaTeX Font Warning: Command \scriptsize invalid in math mode on input line 70.


LaTeX Font Warning: Command \scriptsize invalid in math mode on input line 70.


LaTeX Font Warning: Command \scriptsize invalid in math mode on input line 70.

A tikzpicture has been optimized away. Use '/tikz/external/optimize=false' to d
isable this.

LaTeX Font Warning: Command \scriptsize invalid in math mode on input line 99.


LaTeX Font Warning: Command \scriptsize invalid in math mode on input line 99.


LaTeX Warning: Citation 'Bharali2021' on page 6 undefined on input line 99.


LaTeX Font Warning: Command \scriptsize invalid in math mode on input line 99.


LaTeX Font Warning: Command \scriptsize invalid in math mode on input line 99.


LaTeX Warning: Citation 'Bharali2021' on page 6 undefined on input line 99.


LaTeX Warning: Reference `fig:sec2:continuumpotato' on page 6 undefined on inpu
t line 103.


LaTeX Font Warning: Command \scriptsize invalid in math mode on input line 106.



LaTeX Font Warning: Command \scriptsize invalid in math mode on input line 106.



Overfull \hbox (69.78793pt too wide) detected at line 107
[][]\OML/cmm/m/it/10 E\OT1/cmr/m/n/10 ([]\OML/cmm/m/it/10 ; []\OT1/cmr/m/n/10 )
 = [][] \OML/cmm/m/it/10 g\OT1/cmr/m/n/10 ([])	[]([][[]]) [][] + [][] 	[]([][[]
]) [][] \OMS/cmsy/m/n/10 ^^@ [][] [] [] [][] \OT1/cmr/m/n/10 + [][] [] []  [][]
\OML/cmm/m/it/10 ;
 []


LaTeX Font Warning: Command \scriptsize invalid in math mode on input line 109.



LaTeX Warning: Reference `sec2:table:brittleQuasiModelsParams' on page 6 undefi
ned on input line 109.


LaTeX Warning: Citation 'pham2011' on page 6 undefined on input line 119.


LaTeX Warning: Citation 'Bourdin2000' on page 6 undefined on input line 120.


LaTeX Warning: Citation 'wu2017' on page 6 undefined on input line 121.


Overfull \hbox (84.36539pt too wide) in paragraph at lines 117--123
 [][] 
 []


LaTeX Warning: Reference `sec2:table:brittleQuasiModelsParams' on page 6 undefi
ned on input line 128.


LaTeX Warning: Citation 'wu2017' on page 6 undefined on input line 128.


LaTeX Warning: Reference `sec2:table:quasiBrittleParams' on page 7 undefined on
 input line 134.


LaTeX Warning: Citation 'cornelissen1986experimental' on page 7 undefined on in
put line 144.


Overfull \hbox (49.21742pt too wide) in paragraph at lines 140--146
 [][] 
 []


LaTeX Warning: Citation 'wu2017' on page 7 undefined on input line 146.


LaTeX Warning: Citation 'wu2017' on page 7 undefined on input line 146.


LaTeX Warning: Reference `sec2:table:energySplits' on page 7 undefined on input
 line 151.


LaTeX Warning: Citation 'Bourdin2000' on page 7 undefined on input line 161.


LaTeX Warning: Citation 'Miehe2010' on page 7 undefined on input line 162.


LaTeX Warning: Citation 'amor2009regularized' on page 7 undefined on input line
 163.


Overfull \hbox (103.68192pt too wide) in paragraph at lines 159--165
 [][] 
 []


LaTeX Warning: Reference `sec2:table:energySplits' on page 7 undefined on input
 line 170.


LaTeX Warning: Reference `eqn:sec2:EFunc' on page 8 undefined on input line 180
.


LaTeX Warning: Reference `sec2:eqn:stressDef' on page 8 undefined on input line
 180.


LaTeX Font Warning: Command \scriptsize invalid in math mode on input line 190.



LaTeX Font Warning: Command \scriptsize invalid in math mode on input line 190.



LaTeX Font Warning: Command \scriptsize invalid in math mode on input line 190.



LaTeX Font Warning: Command \scriptsize invalid in math mode on input line 190.



Overfull \hbox (98.17973pt too wide) detected at line 190
[]
 []


LaTeX Font Warning: Command \scriptsize invalid in math mode on input line 192.



LaTeX Font Warning: Command \scriptsize invalid in math mode on input line 192.



LaTeX Font Warning: Command \scriptsize invalid in math mode on input line 192.



LaTeX Font Warning: Command \scriptsize invalid in math mode on input line 192.



LaTeX Font Warning: Command \scriptsize invalid in math mode on input line 198.



LaTeX Font Warning: Command \scriptsize invalid in math mode on input line 198.



LaTeX Font Warning: Command \scriptsize invalid in math mode on input line 198.



LaTeX Font Warning: Command \scriptsize invalid in math mode on input line 198.



LaTeX Font Warning: Command \scriptsize invalid in math mode on input line 198.



LaTeX Font Warning: Command \scriptsize invalid in math mode on input line 198.



LaTeX Warning: Reference `eqn:sec2:pf_space' on page 8 undefined on input line 
200.


LaTeX Warning: Reference `eqn:sec2:pf_evolution' on page 8 undefined on input l
ine 206.


LaTeX Warning: Reference `Problem1' on page 8 undefined on input line 206.


LaTeX Warning: Citation 'Bourdin2000' on page 9 undefined on input line 210.


LaTeX Warning: Citation 'Bourdin2007' on page 9 undefined on input line 210.


LaTeX Warning: Citation 'GERASIMOV2019990' on page 9 undefined on input line 22
0.


LaTeX Warning: Reference `eqn:sec2:EFunc' on page 9 undefined on input line 220
.


LaTeX Warning: Reference `Problem1' on page 9 undefined on input line 226.


LaTeX Warning: Citation 'Wick2017a' on page 9 undefined on input line 226.


LaTeX Warning: Reference `eqn:penaltyGerasimov' on page 9 undefined on input li
ne 226.


LaTeX Warning: Reference `eqn:sec2:EFunc' on page 9 undefined on input line 232
.


LaTeX Warning: Citation 'Hintermuller2002' on page 10 undefined on input line 2
36.


LaTeX Warning: Citation 'Heister2015' on page 10 undefined on input line 236.


LaTeX Warning: Citation 'Hintermuller2002' on page 10 undefined on input line 2
36.


Overfull \hbox (18.63756pt too wide) in paragraph at lines 236--237
\OT1/cmr/m/n/10 (-20) The semi-smooth Newton-Raphson method was pro-posed in [[
]],
 []


LaTeX Warning: Citation 'de2020numerical' on page 10 undefined on input line 24
2.


LaTeX Warning: Citation 'Miehe2010' on page 10 undefined on input line 246.


LaTeX Warning: Reference `eqn:sec2:pf_evolution' on page 10 undefined on input 
line 246.


LaTeX Warning: Reference `eqn:sec2:pf_evolution' on page 10 undefined on input 
line 252.


LaTeX Warning: Citation 'de2020numerical' on page 10 undefined on input line 25
2.


LaTeX Warning: Reference `eqn:sec2:EFunc' on page 10 undefined on input line 25
6.


LaTeX Warning: Citation 'forest2009micromorphic' on page 10 undefined on input 
line 256.


LaTeX Warning: Reference `eqn:sec2:EFunc' on page 11 undefined on input line 26
0.


LaTeX Warning: Citation 'forest2009micromorphic' on page 11 undefined on input 
line 260.


LaTeX Warning: Reference `eqn:sec2:EFunc' on page 11 undefined on input line 26
7.


LaTeX Warning: Reference `eqn:sec3:microE1' on page 11 undefined on input line 
267.


LaTeX Warning: Reference `eqn:sec2:EFunc' on page 11 undefined on input line 26
7.


LaTeX Warning: Reference `eqn:sec3:microE1' on page 11 undefined on input line 
271.


LaTeX Warning: Reference `sec2:eqn:stressDef' on page 11 undefined on input lin
e 271.


LaTeX Font Warning: Command \scriptsize invalid in math mode on input line 282.



LaTeX Font Warning: Command \scriptsize invalid in math mode on input line 282.



LaTeX Font Warning: Command \scriptsize invalid in math mode on input line 282.



LaTeX Font Warning: Command \scriptsize invalid in math mode on input line 282.



Overfull \hbox (105.98656pt too wide) detected at line 282
[]
 []


LaTeX Font Warning: Command \scriptsize invalid in math mode on input line 285.



LaTeX Font Warning: Command \scriptsize invalid in math mode on input line 285.



LaTeX Font Warning: Command \scriptsize invalid in math mode on input line 285.



LaTeX Font Warning: Command \scriptsize invalid in math mode on input line 293.



LaTeX Font Warning: Command \scriptsize invalid in math mode on input line 293.



LaTeX Font Warning: Command \scriptsize invalid in math mode on input line 293.



LaTeX Font Warning: Command \scriptsize invalid in math mode on input line 293.



LaTeX Warning: Reference `eqn:P2:pf_evolution' on page 12 undefined on input li
ne 302.


LaTeX Warning: Reference `Problem2' on page 12 undefined on input line 302.


LaTeX Warning: Reference `eqn:P2:pf_evolution' on page 12 undefined on input li
ne 302.


LaTeX Font Warning: Command \scriptsize invalid in math mode on input line 318.



LaTeX Font Warning: Command \scriptsize invalid in math mode on input line 318.



LaTeX Font Warning: Command \scriptsize invalid in math mode on input line 318.



LaTeX Font Warning: Command \scriptsize invalid in math mode on input line 318.



LaTeX Font Warning: Command \scriptsize invalid in math mode on input line 321.



LaTeX Font Warning: Command \scriptsize invalid in math mode on input line 321.



LaTeX Font Warning: Command \scriptsize invalid in math mode on input line 321.



LaTeX Font Warning: Command \scriptsize invalid in math mode on input line 327.



LaTeX Font Warning: Command \scriptsize invalid in math mode on input line 327.



LaTeX Font Warning: Command \scriptsize invalid in math mode on input line 327.



LaTeX Font Warning: Command \scriptsize invalid in math mode on input line 327.



LaTeX Warning: Reference `eqn:sec:2-4:localPfEqn' on page 12 undefined on input
 line 330.


LaTeX Warning: Reference `eqn:sec:2-4:localPfEqn' on page 13 undefined on input
 line 334.


LaTeX Warning: Reference `sec2:table:brittleQuasiModelsParams' on page 13 undef
ined on input line 346.


LaTeX Warning: Citation 'Heister2015' on page 14 undefined on input line 354.


LaTeX Warning: Reference `eqn:P2:EL_momentumbalance' on page 14 undefined on in
put line 361.


LaTeX Warning: Reference `eqn:P3:mpf_evolution' on page 14 undefined on input l
ine 368.


LaTeX Warning: Reference `eqn:sec:2-4:localPfEqn' on page 14 undefined on input
 line 368.


LaTeX Warning: Reference `Problem3' on page 14 undefined on input line 374.


LaTeX Warning: Reference `eqn:mpfExtrapolation' on page 14 undefined on input l
ine 378.


LaTeX Warning: Reference `eqn:sec:2-4:localExPfEqn' on page 14 undefined on inp
ut line 378.


LaTeX Font Warning: Command \scriptsize invalid in math mode on input line 384.



LaTeX Font Warning: Command \scriptsize invalid in math mode on input line 384.



LaTeX Font Warning: Command \scriptsize invalid in math mode on input line 384.



LaTeX Font Warning: Command \scriptsize invalid in math mode on input line 384.



LaTeX Warning: Reference `eqn:sec:2-4:localPfEqnrepeat' on page 14 undefined on
 input line 387.


LaTeX Font Warning: Command \scriptsize invalid in math mode on input line 387.



LaTeX Font Warning: Command \scriptsize invalid in math mode on input line 387.



LaTeX Font Warning: Command \scriptsize invalid in math mode on input line 387.



LaTeX Font Warning: Command \scriptsize invalid in math mode on input line 393.



LaTeX Font Warning: Command \scriptsize invalid in math mode on input line 393.



LaTeX Font Warning: Command \scriptsize invalid in math mode on input line 393.



LaTeX Font Warning: Command \scriptsize invalid in math mode on input line 393.



LaTeX Warning: Reference `Problem4' on page 15 undefined on input line 406.


LaTeX Warning: Citation 'zienkiewicz1977finite' on page 15 undefined on input l
ine 406.


LaTeX Warning: Citation 'hughes2012finite' on page 15 undefined on input line 4
06.


Overfull \hbox (2.8121pt too wide) in paragraph at lines 406--407
\OT1/cmr/m/n/10 (-20) [[], []], us-ing tri-an-gu-lar (T3) el-e-ments.
 []


LaTeX Warning: Reference `eqn:Bmatrices' on page 16 undefined on input line 433
.


LaTeX Warning: Reference `eqn:discrete_disp_mpf' on page 16 undefined on input 
line 440.


LaTeX Warning: Reference `eqn:strain_gradpf' on page 16 undefined on input line
 440.


LaTeX Warning: Reference `Problem4' on page 16 undefined on input line 440.


LaTeX Warning: Reference `eqn:P4:EL_momentumbalance' on page 16 undefined on in
put line 440.


LaTeX Warning: Reference `eqn:P4:mpf_evolution' on page 16 undefined on input l
ine 440.


LaTeX Warning: Citation 'de2012nonlinear' on page 16 undefined on input line 44
0.


LaTeX Warning: Reference `eqn:sec:2-4:localExPfEqn' on page 16 undefined on inp
ut line 498.


LaTeX Warning: Reference `eqn:sec:2-4:localPfEqnrepeat' on page 16 undefined on
 input line 498.


LaTeX Warning: Reference `sec2:table:energySplits' on page 16 undefined on inpu
t line 498.


LaTeX Warning: Reference `eqn:sec3:microE1' on page 17 undefined on input line 
506.


LaTeX Warning: Reference `eqn:sec3:microE1' on page 18 undefined on input line 
513.


LaTeX Warning: Citation 'zienkiewicz1999computational' on page 18 undefined on 
input line 522.


LaTeX Warning: Citation 'Gerke1993dualporosity' on page 18 undefined on input l
ine 530.


LaTeX Warning: Citation 'Lee1999' on page 18 undefined on input line 530.


Overfull \hbox (24.71262pt too wide) in paragraph at lines 530--531
\OT1/cmr/m/n/10 (-20) me-dia is ac-counted for, us-ing a dual per-me-abil-ity m
odel [[],
 []


LaTeX Warning: Citation 'Witherspoon1980cubic' on page 19 undefined on input li
ne 542.


LaTeX Warning: Citation 'Witherspoon1980cubic' on page 19 undefined on input li
ne 542.


LaTeX Warning: Citation 'MIEHE2015186Biot' on page 19 undefined on input line 5
42.


LaTeX Warning: Citation 'MIEHE2015186Biot' on page 19 undefined on input line 5
42.


Overfull \hbox (14.86293pt too wide) in paragraph at lines 542--543
\OT1/cmr/m/n/10 (-20) ever, it was adapted for the phase-field frac-ture model 
in [[]].
 []


LaTeX Warning: Reference `eqn:sec4:microEPorous' on page 19 undefined on input 
line 562.


LaTeX Warning: Reference `sec:ELLinElast' on page 19 undefined on input line 56
2.


LaTeX Warning: Reference `sec:VarIneqLinElast' on page 19 undefined on input li
ne 562.


LaTeX Warning: Reference `eqn:sec:2-4:localPfEqn' on page 19 undefined on input
 line 562.


LaTeX Warning: Citation 'Heister2015' on page 19 undefined on input line 562.


LaTeX Warning: Reference `sec:ConvexifyLinElast' on page 19 undefined on input 
line 562.


LaTeX Warning: Reference `eqn:sec:2-4:localExPfEqn' on page 19 undefined on inp
ut line 562.


LaTeX Warning: Reference `eqn:sec4:transport' on page 19 undefined on input lin
e 562.


LaTeX Warning: Reference `eqn:mpfExtrapolation' on page 20 undefined on input l
ine 566.


LaTeX Warning: Reference `eqn:sec:2-4:localExPfEqn' on page 20 undefined on inp
ut line 566.


LaTeX Font Warning: Command \scriptsize invalid in math mode on input line 574.



LaTeX Font Warning: Command \scriptsize invalid in math mode on input line 574.



LaTeX Font Warning: Command \scriptsize invalid in math mode on input line 574.



LaTeX Font Warning: Command \scriptsize invalid in math mode on input line 574.



LaTeX Font Warning: Command \scriptsize invalid in math mode on input line 574.



LaTeX Font Warning: Command \scriptsize invalid in math mode on input line 574.



Overfull \hbox (50.62344pt too wide) detected at line 574
[]
 []


LaTeX Warning: Reference `eqn:sec:2-4:localPfEqnrepeat' on page 20 undefined on
 input line 577.


LaTeX Font Warning: Command \scriptsize invalid in math mode on input line 577.



LaTeX Font Warning: Command \scriptsize invalid in math mode on input line 577.



LaTeX Font Warning: Command \scriptsize invalid in math mode on input line 577.



LaTeX Font Warning: Command \scriptsize invalid in math mode on input line 577.



LaTeX Font Warning: Command \scriptsize invalid in math mode on input line 577.



LaTeX Font Warning: Command \scriptsize invalid in math mode on input line 577.



LaTeX Font Warning: Command \scriptsize invalid in math mode on input line 586.



LaTeX Font Warning: Command \scriptsize invalid in math mode on input line 586.



LaTeX Font Warning: Command \scriptsize invalid in math mode on input line 586.



LaTeX Font Warning: Command \scriptsize invalid in math mode on input line 586.



LaTeX Font Warning: Command \scriptsize invalid in math mode on input line 586.



LaTeX Font Warning: Command \scriptsize invalid in math mode on input line 586.



LaTeX Font Warning: Command \scriptsize invalid in math mode on input line 586.



LaTeX Font Warning: Command \scriptsize invalid in math mode on input line 586.



LaTeX Font Warning: Command \scriptsize invalid in math mode on input line 586.



LaTeX Font Warning: Command \scriptsize invalid in math mode on input line 586.



LaTeX Font Warning: Command \scriptsize invalid in math mode on input line 586.



LaTeX Font Warning: Command \scriptsize invalid in math mode on input line 586.



LaTeX Warning: Reference `Problem6' on page 20 undefined on input line 595.


LaTeX Warning: Citation 'zienkiewicz1977finite' on page 20 undefined on input l
ine 595.


LaTeX Warning: Citation 'hughes2012finite' on page 20 undefined on input line 5
95.


LaTeX Warning: Reference `sec:DELinElast' on page 20 undefined on input line 59
5.


Overfull \hbox (24.95041pt too wide) in paragraph at lines 595--596
\OT1/cmr/m/n/10 (-20) Prob-lem []) is dis-cretized us-ing the fi-nite el-e-ment
 method [[],
 []


LaTeX Warning: Reference `eqn:Bmatrices' on page 21 undefined on input line 627
.


LaTeX Warning: Reference `eqn:discrete_disp_mpf2' on page 21 undefined on input
 line 635.


LaTeX Warning: Reference `eqn:strain_gradpf2' on page 21 undefined on input lin
e 635.


LaTeX Warning: Reference `Problem6' on page 21 undefined on input line 635.


LaTeX Warning: Reference `eqn:P6:EL_momentumbalance' on page 21 undefined on in
put line 635.


LaTeX Warning: Reference `eqn:P6:EL_transport' on page 21 undefined on input li
ne 635.


LaTeX Warning: Reference `eqn:P6:mpf_evolution' on page 21 undefined on input l
ine 635.


LaTeX Warning: Citation 'de2012nonlinear' on page 21 undefined on input line 63
5.


Overfull \hbox (63.92198pt too wide) detected at line 703
[]
 []


LaTeX Warning: Reference `eqn:sec:2-4:localExPfEqn' on page 21 undefined on inp
ut line 704.


LaTeX Warning: Reference `eqn:sec:2-4:localPfEqnrepeat' on page 21 undefined on
 input line 704.


LaTeX Warning: Reference `sec2:table:energySplits' on page 21 undefined on inpu
t line 704.


Overfull \vbox (131.3769pt too high) has occurred while \output is active []


Overfull \hbox (5.76335pt too wide) in paragraph at lines 723--723
[]\OT1/cmr/bx/n/12 (-20) Single Edge Notched spec-i-men un-der Ten-sion (SENT) 

 []


LaTeX Warning: Citation 'Miehe2010' on page 23 undefined on input line 725.


LaTeX Warning: Reference `sec4:fig:tension' on page 23 undefined on input line 
725.


LaTeX Warning: Reference `sec4:table:miehe_tension' on page 23 undefined on inp
ut line 725.

A tikzpicture has been optimized away. Use '/tikz/external/optimize=false' to d
isable this.

Overfull \hbox (5.39375pt too wide) in paragraph at lines 770--780
 [][] 
 []


LaTeX Warning: Reference `sec4:fig:miehe_tension_lodi' on page 23 undefined on 
input line 785.


LaTeX Warning: Citation 'Miehe2010' on page 23 undefined on input line 785.


LaTeX Warning: Citation 'Ambati2015' on page 23 undefined on input line 785.


LaTeX Warning: Citation 'KRISTENSEN2020104093' on page 23 undefined on input li
ne 785.


LaTeX Warning: Citation 'Ambati2015' on page 23 undefined on input line 785.


LaTeX Warning: Reference `sec4:fig:sentProfile10' on page 23 undefined on input
 line 785.


LaTeX Warning: Citation 'Miehe2010' on page 23 undefined on input line 785.


LaTeX Warning: Citation 'Ambati2015' on page 23 undefined on input line 785.


LaTeX Warning: Citation 'KRISTENSEN2020104093' on page 23 undefined on input li
ne 785.


LaTeX Warning: Reference `sec4:fig:pf_sen_tension_failure' on page 23 undefined
 on input line 785.


LaTeX Warning: Citation 'Miehe2010' on page 23 undefined on input line 785.


LaTeX Warning: Citation 'Ambati2015' on page 23 undefined on input line 785.


LaTeX Warning: Citation 'KRISTENSEN2020104093' on page 23 undefined on input li
ne 785.

A tikzpicture has been optimized away. Use '/tikz/external/optimize=false' to d
isable this.
A tikzpicture has been optimized away. Use '/tikz/external/optimize=false' to d
isable this.
LaTeX Font Info:    Trying to load font information for OMS+cmr on input line 9
08.
(/usr/share/texlive/texmf-dist/tex/latex/base/omscmr.fd
File: omscmr.fd 2019/12/16 v2.5j Standard LaTeX font definitions
)
LaTeX Font Info:    Font shape `OMS/cmr/m/n' in size <9> not available
(Font)              Font shape `OMS/cmsy/m/n' tried instead on input line 908.
A tikzpicture has been optimized away. Use '/tikz/external/optimize=false' to d
isable this.
A tikzpicture has been optimized away. Use '/tikz/external/optimize=false' to d
isable this.
A tikzpicture has been optimized away. Use '/tikz/external/optimize=false' to d
isable this.

LaTeX Warning: Reference `sec4:fig:miehe_shear' on page 25 undefined on input l
ine 1030.


LaTeX Warning: Citation 'Ambati2015' on page 25 undefined on input line 1030.


LaTeX Warning: Reference `sec4:table:miehe_shear' on page 25 undefined on input
 line 1030.

A tikzpicture has been optimized away. Use '/tikz/external/optimize=false' to d
isable this.

Overfull \hbox (5.39375pt too wide) in paragraph at lines 1092--1102
 [][] 
 []


LaTeX Warning: Reference `sec4:fig:miehe_shear_lodi' on page 25 undefined on in
put line 1107.


LaTeX Warning: Citation 'Miehe2010' on page 25 undefined on input line 1107.


LaTeX Warning: Citation 'Ambati2015' on page 25 undefined on input line 1107.


LaTeX Warning: Citation 'KRISTENSEN2020102446' on page 25 undefined on input li
ne 1107.


LaTeX Warning: Citation 'Miehe2010' on page 25 undefined on input line 1107.


LaTeX Warning: Reference `sec4:fig:pf_sen_shear_failure' on page 25 undefined o
n input line 1107.


LaTeX Warning: Citation 'Miehe2010' on page 25 undefined on input line 1107.


Overfull \hbox (51.44855pt too wide) in paragraph at lines 1107--1108
\OT1/cmr/m/n/10 (-20) and from [[]]. The curves from [[], []]
 []

A tikzpicture has been optimized away. Use '/tikz/external/optimize=false' to d
isable this.
A tikzpicture has been optimized away. Use '/tikz/external/optimize=false' to d
isable this.

LaTeX Warning: Citation 'winkler2001traglastuntersuchungen' on page 26 undefine
d on input line 1207.


LaTeX Warning: Citation 'unger2007modelling' on page 26 undefined on input line
 1207.


LaTeX Warning: Reference `sec4:fig:Lpanel' on page 26 undefined on input line 1
207.


LaTeX Warning: Reference `sec4:table:Lpanel_params' on page 26 undefined on inp
ut line 1207.


LaTeX Warning: Reference `sec2:energyFunc' on page 26 undefined on input line 1
207.


Overfull \hbox (20.38326pt too wide) in paragraph at lines 1207--1208
\OT1/cmr/m/n/10 (-20) The con-crete L-shaped panel stud-ied by [[],
 []

A tikzpicture has been optimized away. Use '/tikz/external/optimize=false' to d
isable this.

LaTeX Warning: Citation 'cornelissen1986experimental' on page 26 undefined on i
nput line 1255.


Overfull \hbox (202.00914pt too wide) in paragraph at lines 1251--1263
 [][] 
 []


LaTeX Warning: Citation 'unger2007modelling' on page 26 undefined on input line
 1263.


LaTeX Warning: Citation 'unger2007modelling' on page 26 undefined on input line
 1263.

\openout7 = `figs/main-figure11.dpth'.

PGFPlots: reading {./Data/WinklerL/problem_lodi200m.dat}
\tikzexternal@dep@file=\write8
\openout8 = `figs/main-figure11.dep'.

Missing character: There is no ; in font nullfont!
PGFPlots: reading {./Data/WinklerL/problem_lodi100m.dat}
Missing character: There is no ; in font nullfont!
PGFPlots: reading {./Data/WinklerL/LPanelUpperLodi.txt}
Missing character: There is no ; in font nullfont!
PGFPlots: reading {./Data/WinklerL/LPanelLowerLodi.txt}
Missing character: There is no ; in font nullfont!
Package pgfplots info on input line 1339: fill between: activating layered grap
hics
\pgf@layerbox@axis background=\box107
\pgf@layerboxsaved@axis background=\box108
\pgf@layerbox@axis grid=\box109
\pgf@layerboxsaved@axis grid=\box110
\pgf@layerbox@axis ticks=\box111
\pgf@layerboxsaved@axis ticks=\box112
\pgf@layerbox@axis lines=\box113
\pgf@layerboxsaved@axis lines=\box114
\pgf@layerbox@axis tick labels=\box115
\pgf@layerboxsaved@axis tick labels=\box116
\pgf@layerbox@pre main=\box117
\pgf@layerboxsaved@pre main=\box118
\pgf@layerbox@axis descriptions=\box119
\pgf@layerboxsaved@axis descriptions=\box120
\pgf@layerbox@axis foreground=\box121
\pgf@layerboxsaved@axis foreground=\box122
Package pgfplots info on input line 1339: Setting layers 'axis background,axis 
grid,axis ticks,axis lines,axis tick labels,pre main,main,axis descriptions,axi
s foreground'...
[26

\providecommand \oddpage@label [2]{}
{/var/lib/texmf/fonts/map/pdftex/updmap/pdftex.map}]
A tikzpicture has been optimized away. Use '/tikz/external/optimize=false' to d
isable this.

LaTeX Warning: Reference `sec4:fig:LPanel_lodi' on page 26 undefined on input l
ine 1377.


LaTeX Warning: Reference `sec4:fig:pf_LPanel_failure' on page 26 undefined on i
nput line 1377.


LaTeX Warning: Citation 'winkler2001traglastuntersuchungen' on page 26 undefine
d on input line 1377.


LaTeX Warning: Citation 'Rots1988' on page 27 undefined on input line 1382.


LaTeX Warning: Reference `sec4:fig:3pt_bending' on page 27 undefined on input l
ine 1382.


LaTeX Warning: Reference `sec4:table:3pt_bending' on page 27 undefined on input
 line 1382.


LaTeX Warning: Reference `sec2:energyFunc' on page 27 undefined on input line 1
382.

A tikzpicture has been optimized away. Use '/tikz/external/optimize=false' to d
isable this.

LaTeX Warning: Citation 'cornelissen1986experimental' on page 27 undefined on i
nput line 1425.


Overfull \hbox (202.00914pt too wide) in paragraph at lines 1421--1433
 [][] 
 []

A tikzpicture has been optimized away. Use '/tikz/external/optimize=false' to d
isable this.
A tikzpicture has been optimized away. Use '/tikz/external/optimize=false' to d
isable this.

LaTeX Warning: Reference `sec4:fig:3pt_bending_lodi' on page 27 undefined on in
put line 1546.


LaTeX Warning: Reference `sec4:fig:pf_3pt_bending_failure' on page 27 undefined
 on input line 1546.


LaTeX Warning: Citation 'Rots1988' on page 27 undefined on input line 1546.


LaTeX Warning: Citation 'Mikelic2015fluidfrac' on page 28 undefined on input li
ne 1551.


LaTeX Warning: Reference `sec4:fig:snc' on page 28 undefined on input line 1551
.


LaTeX Warning: Reference `sec4:fig:tnc' on page 28 undefined on input line 1551
.


LaTeX Warning: Reference `sec4:fig:snc' on page 28 undefined on input line 1551
.


LaTeX Warning: Reference `sec4:fig:tnc' on page 28 undefined on input line 1551
.


LaTeX Warning: Citation 'Mikelic2015fluidfrac' on page 28 undefined on input li
ne 1551.


LaTeX Warning: Reference `sec4:table:hydfracparams' on page 28 undefined on inp
ut line 1551.

A tikzpicture has been optimized away. Use '/tikz/external/optimize=false' to d
isable this.
A tikzpicture has been optimized away. Use '/tikz/external/optimize=false' to d
isable this.

Overfull \hbox (33.09952pt too wide) in paragraph at lines 1597--1614
 [][] 
 []


LaTeX Warning: Reference `sec4:fig:snf_pf' on page 29 undefined on input line 1
619.


LaTeX Warning: Citation 'Mikelic2015fluidfrac' on page 29 undefined on input li
ne 1619.


LaTeX Warning: Reference `sec4:fig:snf_pres' on page 29 undefined on input line
 1619.


LaTeX Warning: Reference `sec:hydfracEFuncTransport' on page 29 undefined on in
put line 1619.


LaTeX Warning: Citation 'Mikelic2015fluidfrac' on page 29 undefined on input li
ne 1619.

A tikzpicture has been optimized away. Use '/tikz/external/optimize=false' to d
isable this.
A tikzpicture has been optimized away. Use '/tikz/external/optimize=false' to d
isable this.
A tikzpicture has been optimized away. Use '/tikz/external/optimize=false' to d
isable this.
A tikzpicture has been optimized away. Use '/tikz/external/optimize=false' to d
isable this.
A tikzpicture has been optimized away. Use '/tikz/external/optimize=false' to d
isable this.
A tikzpicture has been optimized away. Use '/tikz/external/optimize=false' to d
isable this.
A tikzpicture has been optimized away. Use '/tikz/external/optimize=false' to d
isable this.
A tikzpicture has been optimized away. Use '/tikz/external/optimize=false' to d
isable this.

LaTeX Warning: Reference `sec4:fig:tnf_pf' on page 31 undefined on input line 1
749.


LaTeX Warning: Reference `sec4:fig:tnf_d_0_024' on page 31 undefined on input l
ine 1749.


LaTeX Warning: Reference `sec4:fig:tnf_d_0_048' on page 31 undefined on input l
ine 1749.


LaTeX Warning: Reference `sec4:fig:tnf_pres' on page 31 undefined on input line
 1749.


LaTeX Warning: Citation 'Mikelic2015fluidfrac' on page 31 undefined on input li
ne 1749.

A tikzpicture has been optimized away. Use '/tikz/external/optimize=false' to d
isable this.
A tikzpicture has been optimized away. Use '/tikz/external/optimize=false' to d
isable this.
A tikzpicture has been optimized away. Use '/tikz/external/optimize=false' to d
isable this.
A tikzpicture has been optimized away. Use '/tikz/external/optimize=false' to d
isable this.
A tikzpicture has been optimized away. Use '/tikz/external/optimize=false' to d
isable this.
A tikzpicture has been optimized away. Use '/tikz/external/optimize=false' to d
isable this.
A tikzpicture has been optimized away. Use '/tikz/external/optimize=false' to d
isable this.
A tikzpicture has been optimized away. Use '/tikz/external/optimize=false' to d
isable this.

LaTeX Warning: Citation 'BUI2021107705' on page 33 undefined on input line 1887
.


LaTeX Warning: Citation 'may2015numerical' on page 33 undefined on input line 1
887.


LaTeX Warning: Citation 'BHARALI2022114927' on page 33 undefined on input line 
1887.


LaTeX Warning: Citation 'KRISTENSEN2020102446' on page 33 undefined on input li
ne 1887.


LaTeX Warning: Citation 'WU2020112704' on page 33 undefined on input line 1887.



Overfull \hbox (34.57198pt too wide) in paragraph at lines 1887--1888
[]\OT1/cmr/m/n/10 (-20) ] or quasi-Newton meth-ods [[],
 []


LaTeX Warning: Reference `sec5' on page 33 undefined on input line 1891.


LaTeX Warning: Citation 'NGUYENTHANH2020102925' on page 33 undefined on input l
ine 1891.


LaTeX Warning: Empty bibliography on input line 1898.


LaTeX Warning: There were undefined references.


Package biblatex Warning: Please (re)run Biber on the file:
(biblatex)                figs/main-figure11
(biblatex)                and rerun LaTeX afterwards.

Package logreq Info: Writing requests to 'figs/main-figure11.run.xml'.
\openout1 = `figs/main-figure11.run.xml'.

 ) 
Here is how much of TeX's memory you used:
 44452 strings out of 480080
 1069030 string characters out of 5891145
 2428251 words of memory out of 12000000
 61432 multiletter control sequences out of 15000+600000
 497812 words of font info for 226 fonts, out of 8000000 for 9000
 81 hyphenation exceptions out of 8191
 93i,31n,95p,2851b,2491s stack positions out of 5000i,500n,10000p,200000b,80000s
</usr/share/texlive/texmf-dist/fonts/type1/public/amsfonts/cm/cmmi10.pfb></us
r/share/texlive/texmf-dist/fonts/type1/public/amsfonts/cm/cmr10.pfb>
Output written on figs/main-figure11.pdf (1 page, 165086 bytes).
PDF statistics:
 48 PDF objects out of 1000 (max. 8388607)
 22 compressed objects within 1 object stream
 0 named destinations out of 1000 (max. 500000)
 57977 words of extra memory for PDF output out of 61914 (max. 10000000)

